<?xml version="1.0" encoding="UTF-8"?>
<coverage generated="1764731756131" clover="3.2.0">
  <project timestamp="1764731756131" name="All files">
    <metrics statements="336" coveredstatements="287" conditionals="161" coveredconditionals="128" methods="93" coveredmethods="69" elements="590" coveredelements="484" complexity="0" loc="336" ncloc="336" packages="4" files="7" classes="7"/>
    <package name="components">
      <metrics statements="170" coveredstatements="123" conditionals="114" coveredconditionals="82" methods="53" coveredmethods="29"/>
      <file name="ShoppingCart.tsx" path="C:\Users\v-tianji\Desktop\ghcpd\Claude-Sonnet-4.5\src\components\ShoppingCart.tsx">
        <metrics statements="66" coveredstatements="26" conditionals="26" coveredconditionals="5" methods="28" coveredmethods="7"/>
        <line num="1" count="1" type="stmt"/>
        <line num="3" count="1" type="stmt"/>
        <line num="12" count="1" type="stmt"/>
        <line num="18" count="50" type="stmt"/>
        <line num="19" count="50" type="stmt"/>
        <line num="20" count="50" type="stmt"/>
        <line num="21" count="50" type="stmt"/>
        <line num="23" count="50" type="cond" truecount="0" falsecount="1"/>
        <line num="24" count="0" type="stmt"/>
        <line num="25" count="0" type="stmt"/>
        <line num="27" count="0" type="cond" truecount="0" falsecount="1"/>
        <line num="28" count="0" type="stmt"/>
        <line num="29" count="0" type="cond" truecount="0" falsecount="2"/>
        <line num="35" count="0" type="stmt"/>
        <line num="44" count="50" type="stmt"/>
        <line num="45" count="0" type="stmt"/>
        <line num="48" count="50" type="stmt"/>
        <line num="49" count="0" type="cond" truecount="0" falsecount="1"/>
        <line num="50" count="0" type="stmt"/>
        <line num="51" count="0" type="stmt"/>
        <line num="54" count="0" type="stmt"/>
        <line num="55" count="0" type="stmt"/>
        <line num="56" count="0" type="cond" truecount="0" falsecount="2"/>
        <line num="61" count="50" type="stmt"/>
        <line num="62" count="0" type="stmt"/>
        <line num="63" count="0" type="stmt"/>
        <line num="64" count="0" type="stmt"/>
        <line num="67" count="50" type="stmt"/>
        <line num="68" count="0" type="cond" truecount="0" falsecount="1"/>
        <line num="70" count="0" type="stmt"/>
        <line num="72" count="0" type="cond" truecount="0" falsecount="2"/>
        <line num="73" count="0" type="stmt"/>
        <line num="75" count="0" type="stmt"/>
        <line num="76" count="0" type="stmt"/>
        <line num="80" count="50" type="stmt"/>
        <line num="81" count="49" type="stmt"/>
        <line num="84" count="50" type="stmt"/>
        <line num="85" count="49" type="cond" truecount="1" falsecount="0"/>
        <line num="87" count="0" type="cond" truecount="0" falsecount="1"/>
        <line num="88" count="0" type="stmt"/>
        <line num="90" count="0" type="stmt"/>
        <line num="93" count="50" type="stmt"/>
        <line num="94" count="49" type="stmt"/>
        <line num="97" count="50" type="stmt"/>
        <line num="98" count="49" type="stmt"/>
        <line num="101" count="50" type="stmt"/>
        <line num="102" count="49" type="stmt"/>
        <line num="105" count="50" type="stmt"/>
        <line num="106" count="0" type="cond" truecount="0" falsecount="1"/>
        <line num="107" count="0" type="stmt"/>
        <line num="108" count="0" type="stmt"/>
        <line num="111" count="0" type="cond" truecount="0" falsecount="1"/>
        <line num="112" count="0" type="stmt"/>
        <line num="113" count="0" type="stmt"/>
        <line num="116" count="0" type="stmt"/>
        <line num="117" count="0" type="stmt"/>
        <line num="120" count="50" type="stmt"/>
        <line num="121" count="50" type="stmt"/>
        <line num="124" count="50" type="stmt"/>
        <line num="136" count="0" type="stmt"/>
        <line num="144" count="0" type="stmt"/>
        <line num="151" count="0" type="stmt"/>
        <line num="157" count="0" type="stmt"/>
        <line num="177" count="0" type="stmt"/>
        <line num="188" count="0" type="stmt"/>
        <line num="189" count="0" type="stmt"/>
      </file>
      <file name="UserProfile.tsx" path="C:\Users\v-tianji\Desktop\ghcpd\Claude-Sonnet-4.5\src\components\UserProfile.tsx">
        <metrics statements="104" coveredstatements="97" conditionals="88" coveredconditionals="77" methods="25" coveredmethods="22"/>
        <line num="1" count="1" type="stmt"/>
        <line num="2" count="1" type="stmt"/>
        <line num="3" count="1" type="stmt"/>
        <line num="4" count="1" type="stmt"/>
        <line num="26" count="1" type="stmt"/>
        <line num="32" count="222" type="stmt"/>
        <line num="33" count="222" type="stmt"/>
        <line num="34" count="222" type="stmt"/>
        <line num="35" count="222" type="stmt"/>
        <line num="36" count="222" type="stmt"/>
        <line num="37" count="222" type="stmt"/>
        <line num="39" count="222" type="cond" truecount="2" falsecount="0"/>
        <line num="41" count="218" type="stmt"/>
        <line num="42" count="50" type="stmt"/>
        <line num="45" count="218" type="stmt"/>
        <line num="46" count="101" type="cond" truecount="3" falsecount="0"/>
        <line num="47" count="5" type="stmt"/>
        <line num="51" count="218" type="stmt"/>
        <line num="52" count="51" type="stmt"/>
        <line num="53" count="51" type="stmt"/>
        <line num="54" count="51" type="stmt"/>
        <line num="55" count="51" type="stmt"/>
        <line num="56" count="46" type="stmt"/>
        <line num="57" count="46" type="stmt"/>
        <line num="59" count="4" type="cond" truecount="2" falsecount="0"/>
        <line num="61" count="50" type="stmt"/>
        <line num="65" count="218" type="stmt"/>
        <line num="66" count="5" type="cond" truecount="2" falsecount="0"/>
        <line num="67" count="4" type="stmt"/>
        <line num="69" count="1" type="stmt"/>
        <line num="70" count="1" type="stmt"/>
        <line num="71" count="1" type="stmt"/>
        <line num="76" count="218" type="stmt"/>
        <line num="77" count="12" type="stmt"/>
        <line num="79" count="12" type="cond" truecount="3" falsecount="0"/>
        <line num="80" count="2" type="stmt"/>
        <line num="83" count="12" type="cond" truecount="2" falsecount="1"/>
        <line num="84" count="0" type="stmt"/>
        <line num="87" count="12" type="cond" truecount="3" falsecount="0"/>
        <line num="88" count="1" type="stmt"/>
        <line num="91" count="12" type="stmt"/>
        <line num="92" count="12" type="stmt"/>
        <line num="95" count="218" type="stmt"/>
        <line num="96" count="15" type="stmt"/>
        <line num="99" count="218" type="stmt"/>
        <line num="100" count="0" type="cond" truecount="0" falsecount="3"/>
        <line num="101" count="0" type="stmt"/>
        <line num="103" count="0" type="stmt"/>
        <line num="106" count="218" type="stmt"/>
        <line num="107" count="1" type="cond" truecount="0" falsecount="1"/>
        <line num="109" count="1" type="cond" truecount="1" falsecount="1"/>
        <line num="110" count="1" type="stmt"/>
        <line num="113" count="218" type="stmt"/>
        <line num="114" count="12" type="stmt"/>
        <line num="116" count="12" type="cond" truecount="1" falsecount="0"/>
        <line num="117" count="3" type="stmt"/>
        <line num="120" count="9" type="stmt"/>
        <line num="121" count="9" type="stmt"/>
        <line num="123" count="9" type="stmt"/>
        <line num="124" count="9" type="stmt"/>
        <line num="125" count="4" type="stmt"/>
        <line num="126" count="4" type="stmt"/>
        <line num="127" count="4" type="stmt"/>
        <line num="129" count="3" type="cond" truecount="2" falsecount="0"/>
        <line num="131" count="7" type="stmt"/>
        <line num="135" count="218" type="stmt"/>
        <line num="136" count="3" type="cond" truecount="1" falsecount="1"/>
        <line num="137" count="3" type="stmt"/>
        <line num="138" count="3" type="stmt"/>
        <line num="141" count="218" type="stmt"/>
        <line num="142" count="112" type="cond" truecount="3" falsecount="1"/>
        <line num="144" count="3" type="stmt"/>
        <line num="146" count="108" type="stmt"/>
        <line num="148" count="1" type="stmt"/>
        <line num="150" count="0" type="stmt"/>
        <line num="154" count="218" type="stmt"/>
        <line num="155" count="112" type="cond" truecount="3" falsecount="1"/>
        <line num="157" count="110" type="stmt"/>
        <line num="159" count="1" type="stmt"/>
        <line num="161" count="1" type="stmt"/>
        <line num="163" count="0" type="stmt"/>
        <line num="167" count="218" type="stmt"/>
        <line num="168" count="112" type="cond" truecount="1" falsecount="0"/>
        <line num="169" count="110" type="stmt"/>
        <line num="170" count="110" type="stmt"/>
        <line num="171" count="110" type="stmt"/>
        <line num="172" count="110" type="stmt"/>
        <line num="174" count="110" type="cond" truecount="1" falsecount="0"/>
        <line num="175" count="109" type="cond" truecount="1" falsecount="0"/>
        <line num="176" count="108" type="cond" truecount="1" falsecount="0"/>
        <line num="177" count="107" type="stmt"/>
        <line num="180" count="218" type="cond" truecount="3" falsecount="0"/>
        <line num="181" count="51" type="stmt"/>
        <line num="184" count="167" type="cond" truecount="3" falsecount="0"/>
        <line num="185" count="4" type="stmt"/>
        <line num="193" count="163" type="cond" truecount="1" falsecount="0"/>
        <line num="194" count="51" type="stmt"/>
        <line num="197" count="112" type="stmt"/>
        <line num="224" count="8" type="stmt"/>
        <line num="239" count="5" type="stmt"/>
        <line num="254" count="2" type="stmt"/>
        <line num="269" count="183" type="stmt"/>
        <line num="275" count="0" type="stmt"/>
        <line num="317" count="25" type="stmt"/>
      </file>
    </package>
    <package name="hooks">
      <metrics statements="9" coveredstatements="9" conditionals="0" coveredconditionals="0" methods="4" coveredmethods="4"/>
      <file name="useDebounce.ts" path="C:\Users\v-tianji\Desktop\ghcpd\Claude-Sonnet-4.5\src\hooks\useDebounce.ts">
        <metrics statements="9" coveredstatements="9" conditionals="0" coveredconditionals="0" methods="4" coveredmethods="4"/>
        <line num="1" count="1" type="stmt"/>
        <line num="3" count="1" type="stmt"/>
        <line num="4" count="75" type="stmt"/>
        <line num="6" count="75" type="stmt"/>
        <line num="7" count="55" type="stmt"/>
        <line num="8" count="20" type="stmt"/>
        <line num="11" count="55" type="stmt"/>
        <line num="12" count="55" type="stmt"/>
        <line num="16" count="75" type="stmt"/>
      </file>
    </package>
    <package name="services">
      <metrics statements="13" coveredstatements="13" conditionals="0" coveredconditionals="0" methods="4" coveredmethods="4"/>
      <file name="api.ts" path="C:\Users\v-tianji\Desktop\ghcpd\Claude-Sonnet-4.5\src\services\api.ts">
        <metrics statements="13" coveredstatements="13" conditionals="0" coveredconditionals="0" methods="4" coveredmethods="4"/>
        <line num="1" count="2" type="stmt"/>
        <line num="3" count="2" type="stmt"/>
        <line num="18" count="2" type="stmt"/>
        <line num="19" count="12" type="stmt"/>
        <line num="20" count="6" type="stmt"/>
        <line num="23" count="2" type="stmt"/>
        <line num="27" count="12" type="stmt"/>
        <line num="28" count="9" type="stmt"/>
        <line num="31" count="2" type="stmt"/>
        <line num="32" count="7" type="stmt"/>
        <line num="35" count="2" type="stmt"/>
        <line num="40" count="10" type="stmt"/>
        <line num="41" count="8" type="stmt"/>
      </file>
    </package>
    <package name="utils">
      <metrics statements="144" coveredstatements="142" conditionals="47" coveredconditionals="46" methods="32" coveredmethods="32"/>
      <file name="helpers.ts" path="C:\Users\v-tianji\Desktop\ghcpd\Claude-Sonnet-4.5\src\utils\helpers.ts">
        <metrics statements="72" coveredstatements="70" conditionals="22" coveredconditionals="22" methods="19" coveredmethods="19"/>
        <line num="1" count="1" type="stmt"/>
        <line num="7" count="4" type="stmt"/>
        <line num="8" count="7" type="stmt"/>
        <line num="9" count="7" type="stmt"/>
        <line num="13" count="1" type="stmt"/>
        <line num="19" count="3" type="stmt"/>
        <line num="20" count="8" type="cond" truecount="1" falsecount="0"/>
        <line num="21" count="4" type="stmt"/>
        <line num="22" count="4" type="stmt"/>
        <line num="23" count="4" type="stmt"/>
        <line num="28" count="1" type="stmt"/>
        <line num="29" count="35" type="cond" truecount="3" falsecount="0"/>
        <line num="30" count="21" type="stmt"/>
        <line num="33" count="14" type="cond" truecount="1" falsecount="0"/>
        <line num="34" count="1" type="stmt"/>
        <line num="37" count="13" type="cond" truecount="1" falsecount="0"/>
        <line num="38" count="7" type="stmt"/>
        <line num="39" count="7" type="stmt"/>
        <line num="40" count="15" type="stmt"/>
        <line num="42" count="7" type="stmt"/>
        <line num="45" count="6" type="cond" truecount="1" falsecount="0"/>
        <line num="46" count="6" type="stmt"/>
        <line num="47" count="6" type="stmt"/>
        <line num="48" count="8" type="cond" truecount="1" falsecount="0"/>
        <line num="49" count="8" type="stmt"/>
        <line num="52" count="6" type="stmt"/>
        <line num="55" count="0" type="stmt"/>
        <line num="58" count="1" type="stmt"/>
        <line num="59" count="4" type="stmt"/>
        <line num="60" count="9" type="stmt"/>
        <line num="61" count="9" type="cond" truecount="1" falsecount="0"/>
        <line num="62" count="5" type="stmt"/>
        <line num="64" count="9" type="stmt"/>
        <line num="65" count="9" type="stmt"/>
        <line num="69" count="1" type="stmt"/>
        <line num="70" count="5" type="stmt"/>
        <line num="71" count="5" type="stmt"/>
        <line num="72" count="9" type="stmt"/>
        <line num="74" count="5" type="stmt"/>
        <line num="77" count="1" type="stmt"/>
        <line num="78" count="5" type="cond" truecount="1" falsecount="0"/>
        <line num="79" count="4" type="stmt"/>
        <line num="82" count="1" type="stmt"/>
        <line num="83" count="1" type="stmt"/>
        <line num="84" count="3" type="stmt"/>
        <line num="85" count="3" type="cond" truecount="1" falsecount="0"/>
        <line num="86" count="1" type="stmt"/>
        <line num="88" count="2" type="stmt"/>
        <line num="89" count="2" type="stmt"/>
        <line num="93" count="1" type="cond" truecount="1" falsecount="0"/>
        <line num="94" count="5" type="stmt"/>
        <line num="95" count="14" type="stmt"/>
        <line num="96" count="14" type="stmt"/>
        <line num="98" count="14" type="cond" truecount="3" falsecount="0"/>
        <line num="99" count="6" type="cond" truecount="3" falsecount="0"/>
        <line num="100" count="0" type="stmt"/>
        <line num="104" count="1" type="cond" truecount="1" falsecount="0"/>
        <line num="105" count="6" type="stmt"/>
        <line num="106" count="6" type="stmt"/>
        <line num="107" count="6" type="stmt"/>
        <line num="108" count="135" type="stmt"/>
        <line num="110" count="6" type="stmt"/>
        <line num="113" count="1" type="stmt"/>
        <line num="114" count="8" type="stmt"/>
        <line num="117" count="1" type="stmt"/>
        <line num="124" count="4" type="stmt"/>
        <line num="125" count="10" type="stmt"/>
        <line num="126" count="10" type="stmt"/>
        <line num="128" count="8" type="stmt"/>
        <line num="129" count="8" type="cond" truecount="1" falsecount="0"/>
        <line num="130" count="6" type="stmt"/>
        <line num="135" count="2" type="stmt"/>
      </file>
      <file name="pricing.ts" path="C:\Users\v-tianji\Desktop\ghcpd\Claude-Sonnet-4.5\src\utils\pricing.ts">
        <metrics statements="34" coveredstatements="34" conditionals="15" coveredconditionals="14" methods="6" coveredmethods="6"/>
        <line num="3" count="1" type="cond" truecount="1" falsecount="0"/>
        <line num="4" count="9" type="stmt"/>
        <line num="10" count="1" type="stmt"/>
        <line num="11" count="7" type="stmt"/>
        <line num="14" count="1" type="stmt"/>
        <line num="15" count="11" type="stmt"/>
        <line num="42" count="11" type="stmt"/>
        <line num="44" count="11" type="cond" truecount="1" falsecount="0"/>
        <line num="46" count="9" type="cond" truecount="3" falsecount="0"/>
        <line num="47" count="3" type="stmt"/>
        <line num="50" count="6" type="stmt"/>
        <line num="53" count="1" type="stmt"/>
        <line num="58" count="8" type="stmt"/>
        <line num="59" count="8" type="stmt"/>
        <line num="60" count="8" type="stmt"/>
        <line num="61" count="8" type="stmt"/>
        <line num="63" count="8" type="stmt"/>
        <line num="65" count="8" type="cond" truecount="1" falsecount="0"/>
        <line num="66" count="1" type="stmt"/>
        <line num="69" count="8" type="stmt"/>
        <line num="72" count="1" type="stmt"/>
        <line num="73" count="11" type="cond" truecount="2" falsecount="0"/>
        <line num="74" count="4" type="stmt"/>
        <line num="75" count="7" type="cond" truecount="2" falsecount="0"/>
        <line num="76" count="2" type="stmt"/>
        <line num="77" count="5" type="cond" truecount="1" falsecount="0"/>
        <line num="78" count="2" type="stmt"/>
        <line num="80" count="3" type="stmt"/>
        <line num="83" count="1" type="stmt"/>
        <line num="88" count="7" type="cond" truecount="3" falsecount="0"/>
        <line num="89" count="1" type="stmt"/>
        <line num="92" count="6" type="stmt"/>
        <line num="93" count="6" type="stmt"/>
        <line num="96" count="6" type="stmt"/>
      </file>
      <file name="validation.ts" path="C:\Users\v-tianji\Desktop\ghcpd\Claude-Sonnet-4.5\src\utils\validation.ts">
        <metrics statements="38" coveredstatements="38" conditionals="10" coveredconditionals="10" methods="7" coveredmethods="7"/>
        <line num="1" count="2" type="stmt"/>
        <line num="2" count="12" type="stmt"/>
        <line num="3" count="12" type="stmt"/>
        <line num="6" count="2" type="stmt"/>
        <line num="7" count="9" type="stmt"/>
        <line num="8" count="9" type="stmt"/>
        <line num="11" count="2" type="stmt"/>
        <line num="12" count="9" type="cond" truecount="1" falsecount="0"/>
        <line num="13" count="7" type="cond" truecount="1" falsecount="0"/>
        <line num="14" count="6" type="cond" truecount="1" falsecount="0"/>
        <line num="15" count="5" type="cond" truecount="1" falsecount="0"/>
        <line num="16" count="4" type="stmt"/>
        <line num="19" count="2" type="stmt"/>
        <line num="20" count="10" type="stmt"/>
        <line num="21" count="10" type="stmt"/>
        <line num="22" count="7" type="stmt"/>
        <line num="24" count="3" type="stmt"/>
        <line num="28" count="2" type="stmt"/>
        <line num="29" count="9" type="stmt"/>
        <line num="31" count="9" type="cond" truecount="1" falsecount="0"/>
        <line num="32" count="4" type="stmt"/>
        <line num="35" count="5" type="stmt"/>
        <line num="36" count="5" type="stmt"/>
        <line num="38" count="5" type="stmt"/>
        <line num="39" count="77" type="stmt"/>
        <line num="41" count="77" type="cond" truecount="1" falsecount="0"/>
        <line num="42" count="38" type="stmt"/>
        <line num="43" count="38" type="cond" truecount="1" falsecount="0"/>
        <line num="44" count="13" type="stmt"/>
        <line num="48" count="77" type="stmt"/>
        <line num="49" count="77" type="stmt"/>
        <line num="52" count="5" type="stmt"/>
        <line num="55" count="2" type="stmt"/>
        <line num="56" count="8" type="stmt"/>
        <line num="61" count="2" type="cond" truecount="1" falsecount="0"/>
        <line num="62" count="18" type="stmt"/>
        <line num="68" count="18" type="stmt"/>
        <line num="69" count="18" type="cond" truecount="2" falsecount="0"/>
      </file>
    </package>
  </project>
</coverage>
