{"C:\\Users\\v-tianji\\Desktop\\ghcpd\\raptor-secondary\\src\\components\\ShoppingCart.tsx": {"path":"C:\\Users\\v-tianji\\Desktop\\ghcpd\\raptor-secondary\\src\\components\\ShoppingCart.tsx","statementMap":{"0":{"start":{"line":1,"column":0},"end":{"line":1,"column":62}},"1":{"start":{"line":3,"column":0},"end":{"line":3,"column":82}},"2":{"start":{"line":23,"column":57},"end":{"line":267,"column":1}},"3":{"start":{"line":31,"column":36},"end":{"line":31,"column":74}},"4":{"start":{"line":32,"column":42},"end":{"line":32,"column":54}},"5":{"start":{"line":33,"column":48},"end":{"line":33,"column":83}},"6":{"start":{"line":34,"column":42},"end":{"line":34,"column":57}},"7":{"start":{"line":36,"column":20},"end":{"line":55,"column":8}},"8":{"start":{"line":37,"column":4},"end":{"line":54,"column":7}},"9":{"start":{"line":38,"column":27},"end":{"line":38,"column":75}},"10":{"start":{"line":38,"column":45},"end":{"line":38,"column":74}},"11":{"start":{"line":40,"column":6},"end":{"line":46,"column":7}},"12":{"start":{"line":41,"column":8},"end":{"line":45,"column":10}},"13":{"start":{"line":42,"column":10},"end":{"line":44,"column":18}},"14":{"start":{"line":48,"column":6},"end":{"line":53,"column":9}},"15":{"start":{"line":57,"column":25},"end":{"line":59,"column":8}},"16":{"start":{"line":58,"column":4},"end":{"line":58,"column":76}},"17":{"start":{"line":58,"column":25},"end":{"line":58,"column":74}},"18":{"start":{"line":58,"column":45},"end":{"line":58,"column":73}},"19":{"start":{"line":61,"column":25},"end":{"line":72,"column":22}},"20":{"start":{"line":62,"column":4},"end":{"line":65,"column":5}},"21":{"start":{"line":63,"column":6},"end":{"line":63,"column":32}},"22":{"start":{"line":64,"column":6},"end":{"line":64,"column":13}},"23":{"start":{"line":67,"column":4},"end":{"line":71,"column":6}},"24":{"start":{"line":68,"column":6},"end":{"line":69,"column":null}},"25":{"start":{"line":69,"column":8},"end":{"line":69,"column":67}},"26":{"start":{"line":74,"column":20},"end":{"line":78,"column":8}},"27":{"start":{"line":75,"column":4},"end":{"line":75,"column":21}},"28":{"start":{"line":76,"column":4},"end":{"line":76,"column":29}},"29":{"start":{"line":77,"column":4},"end":{"line":77,"column":24}},"30":{"start":{"line":80,"column":28},"end":{"line":91,"column":20}},"31":{"start":{"line":81,"column":4},"end":{"line":81,"column":37}},"32":{"start":{"line":81,"column":30},"end":{"line":81,"column":37}},"33":{"start":{"line":83,"column":21},"end":{"line":83,"column":62}},"34":{"start":{"line":85,"column":4},"end":{"line":90,"column":5}},"35":{"start":{"line":86,"column":6},"end":{"line":86,"column":35}},"36":{"start":{"line":88,"column":6},"end":{"line":88,"column":31}},"37":{"start":{"line":89,"column":6},"end":{"line":89,"column":37}},"38":{"start":{"line":94,"column":19},"end":{"line":96,"column":17}},"39":{"start":{"line":95,"column":4},"end":{"line":95,"column":80}},"40":{"start":{"line":95,"column":43},"end":{"line":95,"column":75}},"41":{"start":{"line":98,"column":25},"end":{"line":105,"column":33}},"42":{"start":{"line":99,"column":4},"end":{"line":99,"column":35}},"43":{"start":{"line":99,"column":26},"end":{"line":99,"column":35}},"44":{"start":{"line":101,"column":4},"end":{"line":103,"column":5}},"45":{"start":{"line":102,"column":6},"end":{"line":102,"column":54}},"46":{"start":{"line":104,"column":4},"end":{"line":104,"column":53}},"47":{"start":{"line":107,"column":24},"end":{"line":109,"column":32}},"48":{"start":{"line":108,"column":4},"end":{"line":108,"column":50}},"49":{"start":{"line":111,"column":20},"end":{"line":113,"column":30}},"50":{"start":{"line":112,"column":4},"end":{"line":112,"column":48}},"51":{"start":{"line":115,"column":16},"end":{"line":117,"column":32}},"52":{"start":{"line":116,"column":4},"end":{"line":116,"column":37}},"53":{"start":{"line":119,"column":25},"end":{"line":132,"column":36}},"54":{"start":{"line":120,"column":4},"end":{"line":123,"column":5}},"55":{"start":{"line":121,"column":6},"end":{"line":121,"column":29}},"56":{"start":{"line":122,"column":6},"end":{"line":122,"column":13}},"57":{"start":{"line":125,"column":4},"end":{"line":128,"column":5}},"58":{"start":{"line":126,"column":6},"end":{"line":126,"column":36}},"59":{"start":{"line":127,"column":6},"end":{"line":127,"column":13}},"60":{"start":{"line":130,"column":4},"end":{"line":130,"column":35}},"61":{"start":{"line":131,"column":4},"end":{"line":131,"column":26}},"62":{"start":{"line":135,"column":2},"end":{"line":146,"column":111}},"63":{"start":{"line":136,"column":4},"end":{"line":145,"column":5}},"64":{"start":{"line":137,"column":6},"end":{"line":144,"column":9}},"65":{"start":{"line":148,"column":23},"end":{"line":150,"column":3}},"66":{"start":{"line":149,"column":4},"end":{"line":149,"column":71}},"67":{"start":{"line":149,"column":45},"end":{"line":149,"column":66}},"68":{"start":{"line":152,"column":2},"end":{"line":266,"column":4}},"69":{"start":{"line":164,"column":14},"end":{"line":164,"column":40}},"70":{"start":{"line":172,"column":35},"end":{"line":172,"column":84}},"71":{"start":{"line":179,"column":35},"end":{"line":179,"column":84}},"72":{"start":{"line":185,"column":35},"end":{"line":185,"column":65}},"73":{"start":{"line":205,"column":31},"end":{"line":205,"column":62}},"74":{"start":{"line":216,"column":16},"end":{"line":216,"column":41}},"75":{"start":{"line":217,"column":16},"end":{"line":217,"column":36}},"76":{"start":{"line":23,"column":13},"end":{"line":23,"column":57}}},"fnMap":{"0":{"name":"(anonymous_9)","decl":{"start":{"line":23,"column":57},"end":{"line":23,"column":58}},"loc":{"start":{"line":30,"column":5},"end":{"line":267,"column":1}}},"1":{"name":"(anonymous_10)","decl":{"start":{"line":36,"column":32},"end":{"line":36,"column":33}},"loc":{"start":{"line":36,"column":75},"end":{"line":55,"column":3}}},"2":{"name":"(anonymous_11)","decl":{"start":{"line":37,"column":17},"end":{"line":37,"column":21}},"loc":{"start":{"line":37,"column":24},"end":{"line":54,"column":5}}},"3":{"name":"(anonymous_12)","decl":{"start":{"line":38,"column":37},"end":{"line":38,"column":41}},"loc":{"start":{"line":38,"column":45},"end":{"line":38,"column":74}}},"4":{"name":"(anonymous_13)","decl":{"start":{"line":41,"column":24},"end":{"line":41,"column":28}},"loc":{"start":{"line":42,"column":10},"end":{"line":44,"column":18}}},"5":{"name":"(anonymous_14)","decl":{"start":{"line":57,"column":37},"end":{"line":57,"column":38}},"loc":{"start":{"line":57,"column":59},"end":{"line":59,"column":3}}},"6":{"name":"(anonymous_15)","decl":{"start":{"line":58,"column":17},"end":{"line":58,"column":21}},"loc":{"start":{"line":58,"column":25},"end":{"line":58,"column":74}}},"7":{"name":"(anonymous_16)","decl":{"start":{"line":58,"column":37},"end":{"line":58,"column":41}},"loc":{"start":{"line":58,"column":45},"end":{"line":58,"column":73}}},"8":{"name":"(anonymous_17)","decl":{"start":{"line":61,"column":37},"end":{"line":61,"column":38}},"loc":{"start":{"line":61,"column":77},"end":{"line":72,"column":3}}},"9":{"name":"(anonymous_18)","decl":{"start":{"line":67,"column":17},"end":{"line":67,"column":21}},"loc":{"start":{"line":68,"column":6},"end":{"line":69,"column":null}}},"10":{"name":"(anonymous_19)","decl":{"start":{"line":68,"column":15},"end":{"line":68,"column":19}},"loc":{"start":{"line":69,"column":8},"end":{"line":69,"column":67}}},"11":{"name":"(anonymous_20)","decl":{"start":{"line":74,"column":32},"end":{"line":74,"column":35}},"loc":{"start":{"line":74,"column":37},"end":{"line":78,"column":3}}},"12":{"name":"(anonymous_21)","decl":{"start":{"line":80,"column":40},"end":{"line":80,"column":45}},"loc":{"start":{"line":80,"column":51},"end":{"line":91,"column":3}}},"13":{"name":"(anonymous_22)","decl":{"start":{"line":94,"column":27},"end":{"line":94,"column":30}},"loc":{"start":{"line":94,"column":32},"end":{"line":96,"column":3}}},"14":{"name":"(anonymous_23)","decl":{"start":{"line":95,"column":28},"end":{"line":95,"column":29}},"loc":{"start":{"line":95,"column":43},"end":{"line":95,"column":75}}},"15":{"name":"(anonymous_24)","decl":{"start":{"line":98,"column":33},"end":{"line":98,"column":36}},"loc":{"start":{"line":98,"column":38},"end":{"line":105,"column":3}}},"16":{"name":"(anonymous_25)","decl":{"start":{"line":107,"column":32},"end":{"line":107,"column":35}},"loc":{"start":{"line":107,"column":37},"end":{"line":109,"column":3}}},"17":{"name":"(anonymous_26)","decl":{"start":{"line":111,"column":28},"end":{"line":111,"column":31}},"loc":{"start":{"line":111,"column":33},"end":{"line":113,"column":3}}},"18":{"name":"(anonymous_27)","decl":{"start":{"line":115,"column":24},"end":{"line":115,"column":27}},"loc":{"start":{"line":115,"column":29},"end":{"line":117,"column":3}}},"19":{"name":"(anonymous_28)","decl":{"start":{"line":119,"column":37},"end":{"line":119,"column":40}},"loc":{"start":{"line":119,"column":42},"end":{"line":132,"column":3}}},"20":{"name":"(anonymous_29)","decl":{"start":{"line":135,"column":18},"end":{"line":135,"column":21}},"loc":{"start":{"line":135,"column":23},"end":{"line":146,"column":3}}},"21":{"name":"(anonymous_30)","decl":{"start":{"line":148,"column":23},"end":{"line":148,"column":26}},"loc":{"start":{"line":148,"column":28},"end":{"line":150,"column":3}}},"22":{"name":"(anonymous_31)","decl":{"start":{"line":149,"column":28},"end":{"line":149,"column":29}},"loc":{"start":{"line":149,"column":45},"end":{"line":149,"column":66}}},"23":{"name":"(anonymous_32)","decl":{"start":{"line":163,"column":27},"end":{"line":163,"column":31}},"loc":{"start":{"line":164,"column":14},"end":{"line":164,"column":40}}},"24":{"name":"(anonymous_33)","decl":{"start":{"line":172,"column":29},"end":{"line":172,"column":32}},"loc":{"start":{"line":172,"column":35},"end":{"line":172,"column":84}}},"25":{"name":"(anonymous_34)","decl":{"start":{"line":179,"column":29},"end":{"line":179,"column":32}},"loc":{"start":{"line":179,"column":35},"end":{"line":179,"column":84}}},"26":{"name":"(anonymous_35)","decl":{"start":{"line":185,"column":29},"end":{"line":185,"column":32}},"loc":{"start":{"line":185,"column":35},"end":{"line":185,"column":65}}},"27":{"name":"(anonymous_36)","decl":{"start":{"line":205,"column":24},"end":{"line":205,"column":25}},"loc":{"start":{"line":205,"column":31},"end":{"line":205,"column":62}}},"28":{"name":"(anonymous_37)","decl":{"start":{"line":215,"column":31},"end":{"line":215,"column":34}},"loc":{"start":{"line":215,"column":36},"end":{"line":218,"column":15}}}},"branchMap":{"0":{"loc":{"start":{"line":26,"column":2},"end":{"line":26,"column":15}},"type":"default-arg","locations":[{"start":{"line":26,"column":12},"end":{"line":26,"column":15}}]},"1":{"loc":{"start":{"line":27,"column":2},"end":{"line":27,"column":18}},"type":"default-arg","locations":[{"start":{"line":27,"column":13},"end":{"line":27,"column":18}}]},"2":{"loc":{"start":{"line":28,"column":2},"end":{"line":28,"column":23}},"type":"default-arg","locations":[{"start":{"line":28,"column":21},"end":{"line":28,"column":23}}]},"3":{"loc":{"start":{"line":36,"column":51},"end":{"line":36,"column":71}},"type":"default-arg","locations":[{"start":{"line":36,"column":70},"end":{"line":36,"column":71}}]},"4":{"loc":{"start":{"line":40,"column":6},"end":{"line":46,"column":7}},"type":"if","locations":[{"start":{"line":40,"column":6},"end":{"line":46,"column":7}}]},"5":{"loc":{"start":{"line":42,"column":10},"end":{"line":44,"column":18}},"type":"cond-expr","locations":[{"start":{"line":43,"column":14},"end":{"line":43,"column":61}},{"start":{"line":44,"column":14},"end":{"line":44,"column":18}}]},"6":{"loc":{"start":{"line":62,"column":4},"end":{"line":65,"column":5}},"type":"if","locations":[{"start":{"line":62,"column":4},"end":{"line":65,"column":5}}]},"7":{"loc":{"start":{"line":69,"column":8},"end":{"line":69,"column":67}},"type":"cond-expr","locations":[{"start":{"line":69,"column":39},"end":{"line":69,"column":60}},{"start":{"line":69,"column":63},"end":{"line":69,"column":67}}]},"8":{"loc":{"start":{"line":81,"column":4},"end":{"line":81,"column":37}},"type":"if","locations":[{"start":{"line":81,"column":4},"end":{"line":81,"column":37}}]},"9":{"loc":{"start":{"line":85,"column":4},"end":{"line":90,"column":5}},"type":"if","locations":[{"start":{"line":85,"column":4},"end":{"line":90,"column":5}},{"start":{"line":87,"column":11},"end":{"line":90,"column":5}}]},"10":{"loc":{"start":{"line":99,"column":4},"end":{"line":99,"column":35}},"type":"if","locations":[{"start":{"line":99,"column":4},"end":{"line":99,"column":35}}]},"11":{"loc":{"start":{"line":101,"column":4},"end":{"line":103,"column":5}},"type":"if","locations":[{"start":{"line":101,"column":4},"end":{"line":103,"column":5}}]},"12":{"loc":{"start":{"line":120,"column":4},"end":{"line":123,"column":5}},"type":"if","locations":[{"start":{"line":120,"column":4},"end":{"line":123,"column":5}}]},"13":{"loc":{"start":{"line":125,"column":4},"end":{"line":128,"column":5}},"type":"if","locations":[{"start":{"line":125,"column":4},"end":{"line":128,"column":5}}]},"14":{"loc":{"start":{"line":136,"column":4},"end":{"line":145,"column":5}},"type":"if","locations":[{"start":{"line":136,"column":4},"end":{"line":145,"column":5}}]},"15":{"loc":{"start":{"line":156,"column":7},"end":{"line":256,"column":null}},"type":"cond-expr","locations":[{"start":{"line":157,"column":8},"end":{"line":158,"column":null}},{"start":{"line":161,"column":8},"end":{"line":255,"column":null}}]},"16":{"loc":{"start":{"line":210,"column":24},"end":{"line":210,"column":65}},"type":"binary-expr","locations":[{"start":{"line":210,"column":24},"end":{"line":210,"column":41}},{"start":{"line":210,"column":45},"end":{"line":210,"column":65}}]},"17":{"loc":{"start":{"line":214,"column":13},"end":{"line":220,"column":null}},"type":"binary-expr","locations":[{"start":{"line":214,"column":13},"end":{"line":214,"column":28}},{"start":{"line":215,"column":14},"end":{"line":218,"column":null}}]},"18":{"loc":{"start":{"line":230,"column":13},"end":{"line":234,"column":null}},"type":"binary-expr","locations":[{"start":{"line":230,"column":13},"end":{"line":230,"column":28}},{"start":{"line":231,"column":14},"end":{"line":233,"column":null}}]},"19":{"loc":{"start":{"line":259,"column":7},"end":{"line":263,"column":null}},"type":"binary-expr","locations":[{"start":{"line":259,"column":7},"end":{"line":259,"column":19}},{"start":{"line":260,"column":8},"end":{"line":262,"column":null}}]}},"s":{"0":1,"1":1,"2":1,"3":27,"4":27,"5":27,"6":27,"7":27,"8":6,"9":6,"10":0,"11":6,"12":0,"13":0,"14":6,"15":27,"16":1,"17":1,"18":1,"19":27,"20":3,"21":1,"22":1,"23":2,"24":2,"25":2,"26":27,"27":0,"28":0,"29":0,"30":27,"31":4,"32":0,"33":4,"34":4,"35":2,"36":2,"37":2,"38":27,"39":17,"40":9,"41":27,"42":19,"43":17,"44":2,"45":2,"46":0,"47":27,"48":19,"49":27,"50":19,"51":27,"52":19,"53":27,"54":3,"55":1,"56":1,"57":2,"58":1,"59":1,"60":1,"61":1,"62":27,"63":24,"64":21,"65":27,"66":27,"67":19,"68":27,"69":19,"70":2,"71":1,"72":0,"73":4,"74":1,"75":1,"76":1},"f":{"0":27,"1":6,"2":6,"3":0,"4":0,"5":1,"6":1,"7":1,"8":3,"9":2,"10":2,"11":0,"12":4,"13":17,"14":9,"15":19,"16":19,"17":19,"18":19,"19":3,"20":24,"21":27,"22":19,"23":19,"24":2,"25":1,"26":0,"27":4,"28":1},"b":{"0":[27],"1":[27],"2":[25],"3":[0],"4":[0],"5":[0,0],"6":[1],"7":[2,0],"8":[0],"9":[2,2],"10":[17],"11":[2],"12":[1],"13":[1],"14":[21],"15":[8,19],"16":[19,17],"17":[19,2],"18":[19,2],"19":[27,1]}}
,"C:\\Users\\v-tianji\\Desktop\\ghcpd\\raptor-secondary\\src\\components\\UserProfile.tsx": {"path":"C:\\Users\\v-tianji\\Desktop\\ghcpd\\raptor-secondary\\src\\components\\UserProfile.tsx","statementMap":{"0":{"start":{"line":1,"column":0},"end":{"line":1,"column":64}},"1":{"start":{"line":2,"column":0},"end":{"line":2,"column":66}},"2":{"start":{"line":3,"column":0},"end":{"line":3,"column":66}},"3":{"start":{"line":4,"column":0},"end":{"line":4,"column":50}},"4":{"start":{"line":26,"column":55},"end":{"line":326,"column":1}},"5":{"start":{"line":32,"column":26},"end":{"line":32,"column":53}},"6":{"start":{"line":33,"column":32},"end":{"line":33,"column":47}},"7":{"start":{"line":34,"column":28},"end":{"line":34,"column":57}},"8":{"start":{"line":35,"column":34},"end":{"line":35,"column":49}},"9":{"start":{"line":36,"column":34},"end":{"line":36,"column":61}},"10":{"start":{"line":37,"column":50},"end":{"line":37,"column":86}},"11":{"start":{"line":39,"column":25},"end":{"line":39,"column":63}},"12":{"start":{"line":41,"column":2},"end":{"line":43,"column":15}},"13":{"start":{"line":42,"column":4},"end":{"line":42,"column":15}},"14":{"start":{"line":45,"column":2},"end":{"line":49,"column":23}},"15":{"start":{"line":46,"column":4},"end":{"line":48,"column":5}},"16":{"start":{"line":47,"column":6},"end":{"line":47,"column":41}},"17":{"start":{"line":51,"column":19},"end":{"line":63,"column":3}},"18":{"start":{"line":52,"column":4},"end":{"line":52,"column":21}},"19":{"start":{"line":53,"column":4},"end":{"line":53,"column":19}},"20":{"start":{"line":54,"column":4},"end":{"line":62,"column":5}},"21":{"start":{"line":55,"column":19},"end":{"line":55,"column":46}},"22":{"start":{"line":56,"column":6},"end":{"line":56,"column":20}},"23":{"start":{"line":57,"column":6},"end":{"line":57,"column":24}},"24":{"start":{"line":59,"column":6},"end":{"line":59,"column":75}},"25":{"start":{"line":61,"column":6},"end":{"line":61,"column":24}},"26":{"start":{"line":65,"column":29},"end":{"line":74,"column":3}},"27":{"start":{"line":66,"column":4},"end":{"line":73,"column":5}},"28":{"start":{"line":67,"column":6},"end":{"line":67,"column":80}},"29":{"start":{"line":67,"column":35},"end":{"line":67,"column":77}},"30":{"start":{"line":69,"column":6},"end":{"line":72,"column":9}},"31":{"start":{"line":70,"column":38},"end":{"line":70,"column":42}},"32":{"start":{"line":71,"column":8},"end":{"line":71,"column":20}},"33":{"start":{"line":76,"column":23},"end":{"line":93,"column":3}},"34":{"start":{"line":77,"column":43},"end":{"line":77,"column":45}},"35":{"start":{"line":79,"column":4},"end":{"line":81,"column":5}},"36":{"start":{"line":80,"column":6},"end":{"line":80,"column":57}},"37":{"start":{"line":83,"column":4},"end":{"line":85,"column":5}},"38":{"start":{"line":84,"column":6},"end":{"line":84,"column":44}},"39":{"start":{"line":87,"column":4},"end":{"line":89,"column":5}},"40":{"start":{"line":88,"column":6},"end":{"line":88,"column":44}},"41":{"start":{"line":91,"column":4},"end":{"line":91,"column":32}},"42":{"start":{"line":92,"column":4},"end":{"line":92,"column":44}},"43":{"start":{"line":95,"column":28},"end":{"line":97,"column":8}},"44":{"start":{"line":96,"column":4},"end":{"line":96,"column":55}},"45":{"start":{"line":96,"column":25},"end":{"line":96,"column":52}},"46":{"start":{"line":99,"column":27},"end":{"line":104,"column":3}},"47":{"start":{"line":100,"column":4},"end":{"line":102,"column":5}},"48":{"start":{"line":101,"column":6},"end":{"line":101,"column":13}},"49":{"start":{"line":103,"column":4},"end":{"line":103,"column":45}},"50":{"start":{"line":103,"column":25},"end":{"line":103,"column":42}},"51":{"start":{"line":106,"column":29},"end":{"line":111,"column":3}},"52":{"start":{"line":107,"column":4},"end":{"line":107,"column":25}},"53":{"start":{"line":107,"column":18},"end":{"line":107,"column":25}},"54":{"start":{"line":109,"column":22},"end":{"line":109,"column":74}},"55":{"start":{"line":110,"column":4},"end":{"line":110,"column":58}},"56":{"start":{"line":110,"column":25},"end":{"line":110,"column":55}},"57":{"start":{"line":113,"column":23},"end":{"line":133,"column":3}},"58":{"start":{"line":114,"column":4},"end":{"line":114,"column":23}},"59":{"start":{"line":116,"column":4},"end":{"line":118,"column":5}},"60":{"start":{"line":117,"column":6},"end":{"line":117,"column":13}},"61":{"start":{"line":120,"column":4},"end":{"line":120,"column":21}},"62":{"start":{"line":121,"column":4},"end":{"line":121,"column":19}},"63":{"start":{"line":123,"column":4},"end":{"line":132,"column":5}},"64":{"start":{"line":124,"column":26},"end":{"line":124,"column":67}},"65":{"start":{"line":125,"column":6},"end":{"line":125,"column":27}},"66":{"start":{"line":126,"column":6},"end":{"line":126,"column":25}},"67":{"start":{"line":127,"column":6},"end":{"line":127,"column":30}},"68":{"start":{"line":129,"column":6},"end":{"line":129,"column":77}},"69":{"start":{"line":131,"column":6},"end":{"line":131,"column":24}},"70":{"start":{"line":135,"column":23},"end":{"line":139,"column":3}},"71":{"start":{"line":136,"column":4},"end":{"line":136,"column":28}},"72":{"start":{"line":137,"column":4},"end":{"line":137,"column":28}},"73":{"start":{"line":138,"column":4},"end":{"line":138,"column":23}},"74":{"start":{"line":141,"column":28},"end":{"line":152,"column":3}},"75":{"start":{"line":142,"column":4},"end":{"line":151,"column":5}},"76":{"start":{"line":144,"column":8},"end":{"line":144,"column":21}},"77":{"start":{"line":146,"column":8},"end":{"line":146,"column":22}},"78":{"start":{"line":148,"column":8},"end":{"line":148,"column":22}},"79":{"start":{"line":150,"column":8},"end":{"line":150,"column":22}},"80":{"start":{"line":154,"column":30},"end":{"line":165,"column":3}},"81":{"start":{"line":155,"column":4},"end":{"line":164,"column":5}},"82":{"start":{"line":157,"column":8},"end":{"line":157,"column":23}},"83":{"start":{"line":159,"column":8},"end":{"line":159,"column":24}},"84":{"start":{"line":161,"column":8},"end":{"line":161,"column":21}},"85":{"start":{"line":163,"column":8},"end":{"line":163,"column":22}},"86":{"start":{"line":167,"column":26},"end":{"line":178,"column":3}},"87":{"start":{"line":168,"column":4},"end":{"line":168,"column":35}},"88":{"start":{"line":168,"column":20},"end":{"line":168,"column":35}},"89":{"start":{"line":169,"column":17},"end":{"line":169,"column":36}},"90":{"start":{"line":170,"column":16},"end":{"line":170,"column":26}},"91":{"start":{"line":171,"column":17},"end":{"line":171,"column":47}},"92":{"start":{"line":172,"column":17},"end":{"line":172,"column":57}},"93":{"start":{"line":174,"column":4},"end":{"line":174,"column":35}},"94":{"start":{"line":174,"column":20},"end":{"line":174,"column":35}},"95":{"start":{"line":175,"column":4},"end":{"line":175,"column":39}},"96":{"start":{"line":175,"column":20},"end":{"line":175,"column":39}},"97":{"start":{"line":176,"column":4},"end":{"line":176,"column":44}},"98":{"start":{"line":176,"column":18},"end":{"line":176,"column":44}},"99":{"start":{"line":177,"column":4},"end":{"line":177,"column":37}},"100":{"start":{"line":180,"column":2},"end":{"line":182,"column":3}},"101":{"start":{"line":181,"column":4},"end":{"line":181,"column":53}},"102":{"start":{"line":184,"column":2},"end":{"line":191,"column":3}},"103":{"start":{"line":185,"column":4},"end":{"line":190,"column":6}},"104":{"start":{"line":193,"column":2},"end":{"line":195,"column":3}},"105":{"start":{"line":194,"column":4},"end":{"line":194,"column":60}},"106":{"start":{"line":197,"column":2},"end":{"line":325,"column":4}},"107":{"start":{"line":224,"column":29},"end":{"line":224,"column":70}},"108":{"start":{"line":239,"column":29},"end":{"line":239,"column":71}},"109":{"start":{"line":254,"column":29},"end":{"line":254,"column":71}},"110":{"start":{"line":269,"column":18},"end":{"line":269,"column":null}},"111":{"start":{"line":275,"column":38},"end":{"line":275,"column":60}},"112":{"start":{"line":317,"column":51},"end":{"line":317,"column":68}},"113":{"start":{"line":26,"column":13},"end":{"line":26,"column":55}}},"fnMap":{"0":{"name":"(anonymous_0)","decl":{"start":{"line":26,"column":55},"end":{"line":26,"column":56}},"loc":{"start":{"line":31,"column":5},"end":{"line":326,"column":1}}},"1":{"name":"(anonymous_1)","decl":{"start":{"line":41,"column":12},"end":{"line":41,"column":15}},"loc":{"start":{"line":41,"column":17},"end":{"line":43,"column":3}}},"2":{"name":"(anonymous_2)","decl":{"start":{"line":45,"column":12},"end":{"line":45,"column":15}},"loc":{"start":{"line":45,"column":17},"end":{"line":49,"column":3}}},"3":{"name":"(anonymous_3)","decl":{"start":{"line":51,"column":19},"end":{"line":51,"column":24}},"loc":{"start":{"line":51,"column":30},"end":{"line":63,"column":3}}},"4":{"name":"(anonymous_4)","decl":{"start":{"line":65,"column":29},"end":{"line":65,"column":34}},"loc":{"start":{"line":65,"column":53},"end":{"line":74,"column":3}}},"5":{"name":"(anonymous_5)","decl":{"start":{"line":67,"column":26},"end":{"line":67,"column":30}},"loc":{"start":{"line":67,"column":35},"end":{"line":67,"column":77}}},"6":{"name":"(anonymous_6)","decl":{"start":{"line":69,"column":26},"end":{"line":69,"column":30}},"loc":{"start":{"line":69,"column":33},"end":{"line":72,"column":7}}},"7":{"name":"(anonymous_7)","decl":{"start":{"line":76,"column":23},"end":{"line":76,"column":35}},"loc":{"start":{"line":76,"column":37},"end":{"line":93,"column":3}}},"8":{"name":"(anonymous_8)","decl":{"start":{"line":95,"column":40},"end":{"line":95,"column":41}},"loc":{"start":{"line":95,"column":77},"end":{"line":97,"column":3}}},"9":{"name":"(anonymous_9)","decl":{"start":{"line":96,"column":16},"end":{"line":96,"column":20}},"loc":{"start":{"line":96,"column":25},"end":{"line":96,"column":52}}},"10":{"name":"(anonymous_10)","decl":{"start":{"line":99,"column":27},"end":{"line":99,"column":28}},"loc":{"start":{"line":99,"column":50},"end":{"line":104,"column":3}}},"11":{"name":"(anonymous_11)","decl":{"start":{"line":103,"column":16},"end":{"line":103,"column":20}},"loc":{"start":{"line":103,"column":25},"end":{"line":103,"column":42}}},"12":{"name":"(anonymous_12)","decl":{"start":{"line":106,"column":29},"end":{"line":106,"column":32}},"loc":{"start":{"line":106,"column":34},"end":{"line":111,"column":3}}},"13":{"name":"(anonymous_13)","decl":{"start":{"line":110,"column":16},"end":{"line":110,"column":20}},"loc":{"start":{"line":110,"column":25},"end":{"line":110,"column":55}}},"14":{"name":"(anonymous_14)","decl":{"start":{"line":113,"column":23},"end":{"line":113,"column":28}},"loc":{"start":{"line":113,"column":52},"end":{"line":133,"column":3}}},"15":{"name":"(anonymous_15)","decl":{"start":{"line":135,"column":23},"end":{"line":135,"column":26}},"loc":{"start":{"line":135,"column":28},"end":{"line":139,"column":3}}},"16":{"name":"(anonymous_16)","decl":{"start":{"line":141,"column":28},"end":{"line":141,"column":29}},"loc":{"start":{"line":141,"column":59},"end":{"line":152,"column":3}}},"17":{"name":"(anonymous_17)","decl":{"start":{"line":154,"column":30},"end":{"line":154,"column":31}},"loc":{"start":{"line":154,"column":65},"end":{"line":165,"column":3}}},"18":{"name":"(anonymous_18)","decl":{"start":{"line":167,"column":26},"end":{"line":167,"column":27}},"loc":{"start":{"line":167,"column":57},"end":{"line":178,"column":3}}},"19":{"name":"(anonymous_19)","decl":{"start":{"line":224,"column":22},"end":{"line":224,"column":23}},"loc":{"start":{"line":224,"column":29},"end":{"line":224,"column":70}}},"20":{"name":"(anonymous_20)","decl":{"start":{"line":239,"column":22},"end":{"line":239,"column":23}},"loc":{"start":{"line":239,"column":29},"end":{"line":239,"column":71}}},"21":{"name":"(anonymous_21)","decl":{"start":{"line":254,"column":22},"end":{"line":254,"column":23}},"loc":{"start":{"line":254,"column":29},"end":{"line":254,"column":71}}},"22":{"name":"(anonymous_22)","decl":{"start":{"line":268,"column":59},"end":{"line":268,"column":60}},"loc":{"start":{"line":269,"column":18},"end":{"line":269,"column":null}}},"23":{"name":"(anonymous_23)","decl":{"start":{"line":275,"column":32},"end":{"line":275,"column":35}},"loc":{"start":{"line":275,"column":38},"end":{"line":275,"column":60}}},"24":{"name":"(anonymous_24)","decl":{"start":{"line":317,"column":45},"end":{"line":317,"column":48}},"loc":{"start":{"line":317,"column":51},"end":{"line":317,"column":68}}}},"branchMap":{"0":{"loc":{"start":{"line":29,"column":2},"end":{"line":29,"column":18}},"type":"default-arg","locations":[{"start":{"line":29,"column":13},"end":{"line":29,"column":18}}]},"1":{"loc":{"start":{"line":30,"column":2},"end":{"line":30,"column":17}},"type":"default-arg","locations":[{"start":{"line":30,"column":10},"end":{"line":30,"column":17}}]},"2":{"loc":{"start":{"line":39,"column":37},"end":{"line":39,"column":57}},"type":"binary-expr","locations":[{"start":{"line":39,"column":37},"end":{"line":39,"column":51}},{"start":{"line":39,"column":55},"end":{"line":39,"column":57}}]},"3":{"loc":{"start":{"line":46,"column":4},"end":{"line":48,"column":5}},"type":"if","locations":[{"start":{"line":46,"column":4},"end":{"line":48,"column":5}}]},"4":{"loc":{"start":{"line":46,"column":8},"end":{"line":46,"column":34}},"type":"binary-expr","locations":[{"start":{"line":46,"column":8},"end":{"line":46,"column":22}},{"start":{"line":46,"column":26},"end":{"line":46,"column":34}}]},"5":{"loc":{"start":{"line":59,"column":15},"end":{"line":59,"column":73}},"type":"cond-expr","locations":[{"start":{"line":59,"column":38},"end":{"line":59,"column":49}},{"start":{"line":59,"column":52},"end":{"line":59,"column":73}}]},"6":{"loc":{"start":{"line":66,"column":4},"end":{"line":73,"column":5}},"type":"if","locations":[{"start":{"line":66,"column":4},"end":{"line":73,"column":5}},{"start":{"line":68,"column":11},"end":{"line":73,"column":5}}]},"7":{"loc":{"start":{"line":79,"column":4},"end":{"line":81,"column":5}},"type":"if","locations":[{"start":{"line":79,"column":4},"end":{"line":81,"column":5}}]},"8":{"loc":{"start":{"line":79,"column":8},"end":{"line":79,"column":57}},"type":"binary-expr","locations":[{"start":{"line":79,"column":8},"end":{"line":79,"column":22}},{"start":{"line":79,"column":26},"end":{"line":79,"column":57}}]},"9":{"loc":{"start":{"line":83,"column":4},"end":{"line":85,"column":5}},"type":"if","locations":[{"start":{"line":83,"column":4},"end":{"line":85,"column":5}}]},"10":{"loc":{"start":{"line":83,"column":8},"end":{"line":83,"column":57}},"type":"binary-expr","locations":[{"start":{"line":83,"column":8},"end":{"line":83,"column":23}},{"start":{"line":83,"column":27},"end":{"line":83,"column":57}}]},"11":{"loc":{"start":{"line":87,"column":4},"end":{"line":89,"column":5}},"type":"if","locations":[{"start":{"line":87,"column":4},"end":{"line":89,"column":5}}]},"12":{"loc":{"start":{"line":87,"column":8},"end":{"line":87,"column":56}},"type":"binary-expr","locations":[{"start":{"line":87,"column":8},"end":{"line":87,"column":22}},{"start":{"line":87,"column":26},"end":{"line":87,"column":56}}]},"13":{"loc":{"start":{"line":100,"column":4},"end":{"line":102,"column":5}},"type":"if","locations":[{"start":{"line":100,"column":4},"end":{"line":102,"column":5}}]},"14":{"loc":{"start":{"line":100,"column":8},"end":{"line":100,"column":42}},"type":"binary-expr","locations":[{"start":{"line":100,"column":8},"end":{"line":100,"column":30}},{"start":{"line":100,"column":34},"end":{"line":100,"column":42}}]},"15":{"loc":{"start":{"line":107,"column":4},"end":{"line":107,"column":25}},"type":"if","locations":[{"start":{"line":107,"column":4},"end":{"line":107,"column":25}}]},"16":{"loc":{"start":{"line":109,"column":22},"end":{"line":109,"column":74}},"type":"cond-expr","locations":[{"start":{"line":109,"column":53},"end":{"line":109,"column":63}},{"start":{"line":109,"column":66},"end":{"line":109,"column":74}}]},"17":{"loc":{"start":{"line":116,"column":4},"end":{"line":118,"column":5}},"type":"if","locations":[{"start":{"line":116,"column":4},"end":{"line":118,"column":5}}]},"18":{"loc":{"start":{"line":129,"column":15},"end":{"line":129,"column":75}},"type":"cond-expr","locations":[{"start":{"line":129,"column":38},"end":{"line":129,"column":49}},{"start":{"line":129,"column":52},"end":{"line":129,"column":75}}]},"19":{"loc":{"start":{"line":136,"column":16},"end":{"line":136,"column":26}},"type":"binary-expr","locations":[{"start":{"line":136,"column":16},"end":{"line":136,"column":20}},{"start":{"line":136,"column":24},"end":{"line":136,"column":26}}]},"20":{"loc":{"start":{"line":142,"column":4},"end":{"line":151,"column":5}},"type":"switch","locations":[{"start":{"line":143,"column":6},"end":{"line":144,"column":21}},{"start":{"line":145,"column":6},"end":{"line":146,"column":22}},{"start":{"line":147,"column":6},"end":{"line":148,"column":22}},{"start":{"line":149,"column":6},"end":{"line":150,"column":22}}]},"21":{"loc":{"start":{"line":155,"column":4},"end":{"line":164,"column":5}},"type":"switch","locations":[{"start":{"line":156,"column":6},"end":{"line":157,"column":23}},{"start":{"line":158,"column":6},"end":{"line":159,"column":24}},{"start":{"line":160,"column":6},"end":{"line":161,"column":21}},{"start":{"line":162,"column":6},"end":{"line":163,"column":22}}]},"22":{"loc":{"start":{"line":168,"column":4},"end":{"line":168,"column":35}},"type":"if","locations":[{"start":{"line":168,"column":4},"end":{"line":168,"column":35}}]},"23":{"loc":{"start":{"line":174,"column":4},"end":{"line":174,"column":35}},"type":"if","locations":[{"start":{"line":174,"column":4},"end":{"line":174,"column":35}}]},"24":{"loc":{"start":{"line":175,"column":4},"end":{"line":175,"column":39}},"type":"if","locations":[{"start":{"line":175,"column":4},"end":{"line":175,"column":39}}]},"25":{"loc":{"start":{"line":176,"column":4},"end":{"line":176,"column":44}},"type":"if","locations":[{"start":{"line":176,"column":4},"end":{"line":176,"column":44}}]},"26":{"loc":{"start":{"line":180,"column":2},"end":{"line":182,"column":3}},"type":"if","locations":[{"start":{"line":180,"column":2},"end":{"line":182,"column":3}}]},"27":{"loc":{"start":{"line":180,"column":6},"end":{"line":180,"column":22}},"type":"binary-expr","locations":[{"start":{"line":180,"column":6},"end":{"line":180,"column":13}},{"start":{"line":180,"column":17},"end":{"line":180,"column":22}}]},"28":{"loc":{"start":{"line":184,"column":2},"end":{"line":191,"column":3}},"type":"if","locations":[{"start":{"line":184,"column":2},"end":{"line":191,"column":3}}]},"29":{"loc":{"start":{"line":184,"column":6},"end":{"line":184,"column":20}},"type":"binary-expr","locations":[{"start":{"line":184,"column":6},"end":{"line":184,"column":11}},{"start":{"line":184,"column":15},"end":{"line":184,"column":20}}]},"30":{"loc":{"start":{"line":193,"column":2},"end":{"line":195,"column":3}},"type":"if","locations":[{"start":{"line":193,"column":2},"end":{"line":195,"column":3}}]},"31":{"loc":{"start":{"line":211,"column":7},"end":{"line":214,"column":null}},"type":"binary-expr","locations":[{"start":{"line":211,"column":7},"end":{"line":211,"column":12}},{"start":{"line":212,"column":8},"end":{"line":213,"column":null}}]},"32":{"loc":{"start":{"line":223,"column":19},"end":{"line":223,"column":61}},"type":"cond-expr","locations":[{"start":{"line":223,"column":30},"end":{"line":223,"column":49}},{"start":{"line":223,"column":52},"end":{"line":223,"column":61}}]},"33":{"loc":{"start":{"line":223,"column":30},"end":{"line":223,"column":49}},"type":"binary-expr","locations":[{"start":{"line":223,"column":30},"end":{"line":223,"column":43}},{"start":{"line":223,"column":47},"end":{"line":223,"column":49}}]},"34":{"loc":{"start":{"line":225,"column":22},"end":{"line":225,"column":42}},"type":"binary-expr","locations":[{"start":{"line":225,"column":22},"end":{"line":225,"column":31}},{"start":{"line":225,"column":35},"end":{"line":225,"column":42}}]},"35":{"loc":{"start":{"line":228,"column":11},"end":{"line":229,"column":null}},"type":"binary-expr","locations":[{"start":{"line":228,"column":11},"end":{"line":228,"column":32}},{"start":{"line":229,"column":12},"end":{"line":229,"column":71}}]},"36":{"loc":{"start":{"line":238,"column":19},"end":{"line":238,"column":63}},"type":"cond-expr","locations":[{"start":{"line":238,"column":30},"end":{"line":238,"column":50}},{"start":{"line":238,"column":53},"end":{"line":238,"column":63}}]},"37":{"loc":{"start":{"line":238,"column":30},"end":{"line":238,"column":50}},"type":"binary-expr","locations":[{"start":{"line":238,"column":30},"end":{"line":238,"column":44}},{"start":{"line":238,"column":48},"end":{"line":238,"column":50}}]},"38":{"loc":{"start":{"line":240,"column":22},"end":{"line":240,"column":42}},"type":"binary-expr","locations":[{"start":{"line":240,"column":22},"end":{"line":240,"column":31}},{"start":{"line":240,"column":35},"end":{"line":240,"column":42}}]},"39":{"loc":{"start":{"line":243,"column":11},"end":{"line":244,"column":null}},"type":"binary-expr","locations":[{"start":{"line":243,"column":11},"end":{"line":243,"column":33}},{"start":{"line":244,"column":12},"end":{"line":244,"column":72}}]},"40":{"loc":{"start":{"line":253,"column":19},"end":{"line":253,"column":63}},"type":"cond-expr","locations":[{"start":{"line":253,"column":30},"end":{"line":253,"column":50}},{"start":{"line":253,"column":53},"end":{"line":253,"column":63}}]},"41":{"loc":{"start":{"line":253,"column":30},"end":{"line":253,"column":50}},"type":"binary-expr","locations":[{"start":{"line":253,"column":30},"end":{"line":253,"column":44}},{"start":{"line":253,"column":48},"end":{"line":253,"column":50}}]},"42":{"loc":{"start":{"line":255,"column":22},"end":{"line":255,"column":42}},"type":"binary-expr","locations":[{"start":{"line":255,"column":22},"end":{"line":255,"column":31}},{"start":{"line":255,"column":35},"end":{"line":255,"column":42}}]},"43":{"loc":{"start":{"line":258,"column":11},"end":{"line":259,"column":null}},"type":"binary-expr","locations":[{"start":{"line":258,"column":11},"end":{"line":258,"column":33}},{"start":{"line":259,"column":12},"end":{"line":259,"column":72}}]},"44":{"loc":{"start":{"line":263,"column":9},"end":{"line":295,"column":null}},"type":"binary-expr","locations":[{"start":{"line":263,"column":9},"end":{"line":263,"column":17}},{"start":{"line":264,"column":10},"end":{"line":294,"column":null}}]},"45":{"loc":{"start":{"line":276,"column":32},"end":{"line":276,"column":64}},"type":"binary-expr","locations":[{"start":{"line":276,"column":32},"end":{"line":276,"column":53}},{"start":{"line":276,"column":57},"end":{"line":276,"column":64}}]},"46":{"loc":{"start":{"line":302,"column":9},"end":{"line":321,"column":null}},"type":"binary-expr","locations":[{"start":{"line":302,"column":9},"end":{"line":302,"column":18}},{"start":{"line":303,"column":10},"end":{"line":320,"column":null}}]},"47":{"loc":{"start":{"line":304,"column":13},"end":{"line":319,"column":null}},"type":"cond-expr","locations":[{"start":{"line":305,"column":14},"end":{"line":314,"column":null}},{"start":{"line":317,"column":14},"end":{"line":317,"column":null}}]},"48":{"loc":{"start":{"line":308,"column":28},"end":{"line":308,"column":79}},"type":"binary-expr","locations":[{"start":{"line":308,"column":28},"end":{"line":308,"column":35}},{"start":{"line":308,"column":39},"end":{"line":308,"column":79}}]},"49":{"loc":{"start":{"line":310,"column":19},"end":{"line":310,"column":49}},"type":"cond-expr","locations":[{"start":{"line":310,"column":29},"end":{"line":310,"column":40}},{"start":{"line":310,"column":43},"end":{"line":310,"column":49}}]}},"s":{"0":1,"1":1,"2":1,"3":1,"4":1,"5":68,"6":68,"7":68,"8":68,"9":68,"10":68,"11":68,"12":68,"13":13,"14":68,"15":16,"16":3,"17":68,"18":14,"19":14,"20":14,"21":14,"22":12,"23":12,"24":1,"25":13,"26":68,"27":3,"28":2,"29":2,"30":1,"31":1,"32":1,"33":68,"34":2,"35":2,"36":0,"37":2,"38":0,"39":2,"40":0,"41":2,"42":2,"43":68,"44":7,"45":7,"46":68,"47":1,"48":0,"49":1,"50":1,"51":68,"52":1,"53":0,"54":1,"55":1,"56":1,"57":68,"58":2,"59":2,"60":0,"61":2,"62":2,"63":2,"64":2,"65":1,"66":1,"67":1,"68":1,"69":2,"70":68,"71":1,"72":1,"73":1,"74":68,"75":40,"76":2,"77":38,"78":0,"79":0,"80":68,"81":40,"82":36,"83":4,"84":0,"85":0,"86":68,"87":40,"88":0,"89":40,"90":40,"91":40,"92":40,"93":40,"94":1,"95":39,"96":1,"97":38,"98":0,"99":38,"100":68,"101":14,"102":54,"103":1,"104":53,"105":13,"106":40,"107":3,"108":3,"109":1,"110":78,"111":1,"112":8,"113":1},"f":{"0":68,"1":13,"2":16,"3":14,"4":3,"5":2,"6":1,"7":2,"8":7,"9":7,"10":1,"11":1,"12":1,"13":1,"14":2,"15":1,"16":40,"17":40,"18":40,"19":3,"20":3,"21":1,"22":78,"23":1,"24":8},"b":{"0":[65],"1":[68],"2":[68,28],"3":[3],"4":[16,3],"5":[1,0],"6":[2,1],"7":[0],"8":[2,2],"9":[0],"10":[2,2],"11":[0],"12":[2,2],"13":[0],"14":[1,1],"15":[0],"16":[0,1],"17":[0],"18":[1,0],"19":[1,0],"20":[2,38,0,0],"21":[36,4,0,0],"22":[0],"23":[1],"24":[1],"25":[0],"26":[14],"27":[68,16],"28":[1],"29":[54,2],"30":[13],"31":[40,1],"32":[26,14],"33":[26,0],"34":[40,26],"35":[40,0],"36":[26,14],"37":[26,0],"38":[40,26],"39":[40,4],"40":[26,14],"41":[26,0],"42":[40,26],"43":[40,0],"44":[40,26],"45":[78,75],"46":[40,39],"47":[26,13],"48":[26,24],"49":[2,24]}}
,"C:\\Users\\v-tianji\\Desktop\\ghcpd\\raptor-secondary\\src\\hooks\\useDebounce.ts": {"path":"C:\\Users\\v-tianji\\Desktop\\ghcpd\\raptor-secondary\\src\\hooks\\useDebounce.ts","statementMap":{"0":{"start":{"line":1,"column":0},"end":{"line":1,"column":44}},"1":{"start":{"line":3,"column":27},"end":{"line":17,"column":1}},"2":{"start":{"line":4,"column":46},"end":{"line":4,"column":64}},"3":{"start":{"line":6,"column":2},"end":{"line":14,"column":21}},"4":{"start":{"line":7,"column":20},"end":{"line":9,"column":13}},"5":{"start":{"line":8,"column":6},"end":{"line":8,"column":31}},"6":{"start":{"line":11,"column":4},"end":{"line":13,"column":6}},"7":{"start":{"line":12,"column":6},"end":{"line":12,"column":28}},"8":{"start":{"line":16,"column":2},"end":{"line":16,"column":24}},"9":{"start":{"line":3,"column":13},"end":{"line":3,"column":27}}},"fnMap":{"0":{"name":"(anonymous_0)","decl":{"start":{"line":3,"column":27},"end":{"line":3,"column":31}},"loc":{"start":{"line":3,"column":61},"end":{"line":17,"column":1}}},"1":{"name":"(anonymous_1)","decl":{"start":{"line":6,"column":12},"end":{"line":6,"column":15}},"loc":{"start":{"line":6,"column":17},"end":{"line":14,"column":3}}},"2":{"name":"(anonymous_2)","decl":{"start":{"line":7,"column":31},"end":{"line":7,"column":34}},"loc":{"start":{"line":7,"column":36},"end":{"line":9,"column":5}}},"3":{"name":"(anonymous_3)","decl":{"start":{"line":11,"column":11},"end":{"line":11,"column":14}},"loc":{"start":{"line":11,"column":16},"end":{"line":13,"column":5}}}},"branchMap":{},"s":{"0":2,"1":2,"2":72,"3":72,"4":31,"5":4,"6":31,"7":31,"8":72,"9":2},"f":{"0":72,"1":31,"2":4,"3":31},"b":{}}
,"C:\\Users\\v-tianji\\Desktop\\ghcpd\\raptor-secondary\\src\\services\\api.ts": {"path":"C:\\Users\\v-tianji\\Desktop\\ghcpd\\raptor-secondary\\src\\services\\api.ts","statementMap":{"0":{"start":{"line":1,"column":0},"end":{"line":1,"column":26}},"1":{"start":{"line":3,"column":21},"end":{"line":3,"column":46}},"2":{"start":{"line":18,"column":29},"end":{"line":21,"column":1}},"3":{"start":{"line":19,"column":19},"end":{"line":19,"column":69}},"4":{"start":{"line":20,"column":2},"end":{"line":20,"column":23}},"5":{"start":{"line":18,"column":13},"end":{"line":18,"column":29}},"6":{"start":{"line":23,"column":33},"end":{"line":29,"column":1}},"7":{"start":{"line":27,"column":19},"end":{"line":27,"column":77}},"8":{"start":{"line":28,"column":2},"end":{"line":28,"column":23}},"9":{"start":{"line":23,"column":13},"end":{"line":23,"column":33}},"10":{"start":{"line":31,"column":26},"end":{"line":33,"column":1}},"11":{"start":{"line":32,"column":2},"end":{"line":32,"column":56}},"12":{"start":{"line":31,"column":13},"end":{"line":31,"column":26}},"13":{"start":{"line":35,"column":26},"end":{"line":42,"column":1}},"14":{"start":{"line":40,"column":19},"end":{"line":40,"column":71}},"15":{"start":{"line":41,"column":2},"end":{"line":41,"column":23}},"16":{"start":{"line":35,"column":13},"end":{"line":35,"column":26}}},"fnMap":{"0":{"name":"(anonymous_1)","decl":{"start":{"line":18,"column":29},"end":{"line":18,"column":34}},"loc":{"start":{"line":18,"column":69},"end":{"line":21,"column":1}}},"1":{"name":"(anonymous_2)","decl":{"start":{"line":23,"column":33},"end":{"line":23,"column":38}},"loc":{"start":{"line":26,"column":19},"end":{"line":29,"column":1}}},"2":{"name":"(anonymous_3)","decl":{"start":{"line":31,"column":26},"end":{"line":31,"column":31}},"loc":{"start":{"line":31,"column":66},"end":{"line":33,"column":1}}},"3":{"name":"(anonymous_4)","decl":{"start":{"line":35,"column":26},"end":{"line":35,"column":31}},"loc":{"start":{"line":39,"column":48},"end":{"line":42,"column":1}}}},"branchMap":{},"s":{"0":2,"1":2,"2":2,"3":1,"4":1,"5":2,"6":2,"7":1,"8":1,"9":2,"10":2,"11":1,"12":2,"13":2,"14":2,"15":2,"16":2},"f":{"0":1,"1":1,"2":1,"3":2},"b":{}}
,"C:\\Users\\v-tianji\\Desktop\\ghcpd\\raptor-secondary\\src\\utils\\helpers.ts": {"path":"C:\\Users\\v-tianji\\Desktop\\ghcpd\\raptor-secondary\\src\\utils\\helpers.ts","statementMap":{"0":{"start":{"line":1,"column":24},"end":{"line":11,"column":1}},"1":{"start":{"line":7,"column":2},"end":{"line":10,"column":4}},"2":{"start":{"line":8,"column":4},"end":{"line":8,"column":28}},"3":{"start":{"line":9,"column":4},"end":{"line":9,"column":55}},"4":{"start":{"line":9,"column":33},"end":{"line":9,"column":46}},"5":{"start":{"line":1,"column":13},"end":{"line":1,"column":24}},"6":{"start":{"line":13,"column":24},"end":{"line":26,"column":1}},"7":{"start":{"line":19,"column":2},"end":{"line":25,"column":4}},"8":{"start":{"line":20,"column":4},"end":{"line":24,"column":5}},"9":{"start":{"line":21,"column":6},"end":{"line":21,"column":20}},"10":{"start":{"line":22,"column":6},"end":{"line":22,"column":24}},"11":{"start":{"line":23,"column":6},"end":{"line":23,"column":52}},"12":{"start":{"line":23,"column":24},"end":{"line":23,"column":42}},"13":{"start":{"line":13,"column":13},"end":{"line":13,"column":24}},"14":{"start":{"line":28,"column":25},"end":{"line":56,"column":1}},"15":{"start":{"line":29,"column":2},"end":{"line":31,"column":3}},"16":{"start":{"line":30,"column":4},"end":{"line":30,"column":15}},"17":{"start":{"line":33,"column":2},"end":{"line":35,"column":3}},"18":{"start":{"line":34,"column":4},"end":{"line":34,"column":40}},"19":{"start":{"line":37,"column":2},"end":{"line":43,"column":3}},"20":{"start":{"line":38,"column":29},"end":{"line":38,"column":31}},"21":{"start":{"line":39,"column":4},"end":{"line":41,"column":7}},"22":{"start":{"line":40,"column":6},"end":{"line":40,"column":41}},"23":{"start":{"line":42,"column":4},"end":{"line":42,"column":26}},"24":{"start":{"line":45,"column":2},"end":{"line":53,"column":3}},"25":{"start":{"line":46,"column":27},"end":{"line":46,"column":29}},"26":{"start":{"line":47,"column":4},"end":{"line":51,"column":5}},"27":{"start":{"line":48,"column":6},"end":{"line":50,"column":7}},"28":{"start":{"line":49,"column":8},"end":{"line":49,"column":45}},"29":{"start":{"line":52,"column":4},"end":{"line":52,"column":26}},"30":{"start":{"line":55,"column":2},"end":{"line":55,"column":13}},"31":{"start":{"line":28,"column":13},"end":{"line":28,"column":25}},"32":{"start":{"line":58,"column":23},"end":{"line":67,"column":1}},"33":{"start":{"line":59,"column":2},"end":{"line":66,"column":32}},"34":{"start":{"line":60,"column":21},"end":{"line":60,"column":38}},"35":{"start":{"line":61,"column":4},"end":{"line":63,"column":5}},"36":{"start":{"line":62,"column":6},"end":{"line":62,"column":28}},"37":{"start":{"line":64,"column":4},"end":{"line":64,"column":32}},"38":{"start":{"line":65,"column":4},"end":{"line":65,"column":18}},"39":{"start":{"line":58,"column":13},"end":{"line":58,"column":23}},"40":{"start":{"line":69,"column":21},"end":{"line":75,"column":1}},"41":{"start":{"line":70,"column":24},"end":{"line":70,"column":26}},"42":{"start":{"line":71,"column":2},"end":{"line":73,"column":3}},"43":{"start":{"line":71,"column":15},"end":{"line":71,"column":16}},"44":{"start":{"line":72,"column":4},"end":{"line":72,"column":42}},"45":{"start":{"line":74,"column":2},"end":{"line":74,"column":16}},"46":{"start":{"line":69,"column":13},"end":{"line":69,"column":21}},"47":{"start":{"line":77,"column":22},"end":{"line":91,"column":1}},"48":{"start":{"line":78,"column":2},"end":{"line":80,"column":3}},"49":{"start":{"line":79,"column":4},"end":{"line":79,"column":38}},"50":{"start":{"line":82,"column":15},"end":{"line":82,"column":24}},"51":{"start":{"line":83,"column":2},"end":{"line":90,"column":5}},"52":{"start":{"line":84,"column":18},"end":{"line":84,"column":27}},"53":{"start":{"line":85,"column":4},"end":{"line":87,"column":5}},"54":{"start":{"line":86,"column":6},"end":{"line":86,"column":19}},"55":{"start":{"line":88,"column":4},"end":{"line":88,"column":20}},"56":{"start":{"line":89,"column":4},"end":{"line":89,"column":16}},"57":{"start":{"line":77,"column":13},"end":{"line":77,"column":22}},"58":{"start":{"line":93,"column":22},"end":{"line":102,"column":1}},"59":{"start":{"line":94,"column":2},"end":{"line":101,"column":5}},"60":{"start":{"line":95,"column":17},"end":{"line":95,"column":23}},"61":{"start":{"line":96,"column":17},"end":{"line":96,"column":23}},"62":{"start":{"line":98,"column":4},"end":{"line":98,"column":53}},"63":{"start":{"line":98,"column":21},"end":{"line":98,"column":53}},"64":{"start":{"line":99,"column":4},"end":{"line":99,"column":53}},"65":{"start":{"line":99,"column":21},"end":{"line":99,"column":53}},"66":{"start":{"line":100,"column":4},"end":{"line":100,"column":13}},"67":{"start":{"line":93,"column":13},"end":{"line":93,"column":22}},"68":{"start":{"line":104,"column":24},"end":{"line":111,"column":1}},"69":{"start":{"line":105,"column":16},"end":{"line":105,"column":80}},"70":{"start":{"line":106,"column":15},"end":{"line":106,"column":17}},"71":{"start":{"line":107,"column":2},"end":{"line":109,"column":3}},"72":{"start":{"line":107,"column":15},"end":{"line":107,"column":16}},"73":{"start":{"line":108,"column":4},"end":{"line":108,"column":69}},"74":{"start":{"line":110,"column":2},"end":{"line":110,"column":16}},"75":{"start":{"line":104,"column":13},"end":{"line":104,"column":24}},"76":{"start":{"line":113,"column":21},"end":{"line":115,"column":1}},"77":{"start":{"line":114,"column":2},"end":{"line":114,"column":57}},"78":{"start":{"line":114,"column":32},"end":{"line":114,"column":55}},"79":{"start":{"line":113,"column":13},"end":{"line":113,"column":21}},"80":{"start":{"line":117,"column":21},"end":{"line":136,"column":1}},"81":{"start":{"line":124,"column":2},"end":{"line":133,"column":3}},"82":{"start":{"line":124,"column":21},"end":{"line":124,"column":22}},"83":{"start":{"line":125,"column":4},"end":{"line":132,"column":5}},"84":{"start":{"line":126,"column":6},"end":{"line":126,"column":24}},"85":{"start":{"line":128,"column":6},"end":{"line":128,"column":33}},"86":{"start":{"line":129,"column":6},"end":{"line":131,"column":7}},"87":{"start":{"line":130,"column":8},"end":{"line":130,"column":39}},"88":{"start":{"line":135,"column":2},"end":{"line":135,"column":19}},"89":{"start":{"line":117,"column":13},"end":{"line":117,"column":21}}},"fnMap":{"0":{"name":"(anonymous_0)","decl":{"start":{"line":1,"column":24},"end":{"line":1,"column":null}},"loc":{"start":{"line":4,"column":40},"end":{"line":11,"column":1}}},"1":{"name":"(anonymous_1)","decl":{"start":{"line":7,"column":9},"end":{"line":7,"column":10}},"loc":{"start":{"line":7,"column":36},"end":{"line":10,"column":3}}},"2":{"name":"(anonymous_2)","decl":{"start":{"line":9,"column":27},"end":{"line":9,"column":30}},"loc":{"start":{"line":9,"column":33},"end":{"line":9,"column":46}}},"3":{"name":"(anonymous_3)","decl":{"start":{"line":13,"column":24},"end":{"line":13,"column":null}},"loc":{"start":{"line":16,"column":40},"end":{"line":26,"column":1}}},"4":{"name":"(anonymous_4)","decl":{"start":{"line":19,"column":9},"end":{"line":19,"column":10}},"loc":{"start":{"line":19,"column":36},"end":{"line":25,"column":3}}},"5":{"name":"(anonymous_5)","decl":{"start":{"line":23,"column":17},"end":{"line":23,"column":20}},"loc":{"start":{"line":23,"column":24},"end":{"line":23,"column":42}}},"6":{"name":"(anonymous_6)","decl":{"start":{"line":28,"column":25},"end":{"line":28,"column":29}},"loc":{"start":{"line":28,"column":42},"end":{"line":56,"column":1}}},"7":{"name":"(anonymous_7)","decl":{"start":{"line":39,"column":16},"end":{"line":39,"column":17}},"loc":{"start":{"line":39,"column":32},"end":{"line":41,"column":5}}},"8":{"name":"(anonymous_8)","decl":{"start":{"line":58,"column":23},"end":{"line":58,"column":27}},"loc":{"start":{"line":58,"column":76},"end":{"line":67,"column":1}}},"9":{"name":"(anonymous_9)","decl":{"start":{"line":59,"column":22},"end":{"line":59,"column":23}},"loc":{"start":{"line":59,"column":39},"end":{"line":66,"column":3}}},"10":{"name":"(anonymous_10)","decl":{"start":{"line":69,"column":21},"end":{"line":69,"column":25}},"loc":{"start":{"line":69,"column":60},"end":{"line":75,"column":1}}},"11":{"name":"(anonymous_11)","decl":{"start":{"line":77,"column":22},"end":{"line":77,"column":26}},"loc":{"start":{"line":77,"column":60},"end":{"line":91,"column":1}}},"12":{"name":"(anonymous_12)","decl":{"start":{"line":83,"column":22},"end":{"line":83,"column":26}},"loc":{"start":{"line":83,"column":29},"end":{"line":90,"column":3}}},"13":{"name":"(anonymous_13)","decl":{"start":{"line":93,"column":22},"end":{"line":93,"column":26}},"loc":{"start":{"line":93,"column":90},"end":{"line":102,"column":1}}},"14":{"name":"(anonymous_14)","decl":{"start":{"line":94,"column":25},"end":{"line":94,"column":26}},"loc":{"start":{"line":94,"column":34},"end":{"line":101,"column":3}}},"15":{"name":"(anonymous_15)","decl":{"start":{"line":104,"column":24},"end":{"line":104,"column":25}},"loc":{"start":{"line":104,"column":55},"end":{"line":111,"column":1}}},"16":{"name":"(anonymous_16)","decl":{"start":{"line":113,"column":21},"end":{"line":113,"column":22}},"loc":{"start":{"line":113,"column":51},"end":{"line":115,"column":1}}},"17":{"name":"(anonymous_17)","decl":{"start":{"line":114,"column":21},"end":{"line":114,"column":28}},"loc":{"start":{"line":114,"column":32},"end":{"line":114,"column":55}}},"18":{"name":"(anonymous_18)","decl":{"start":{"line":117,"column":21},"end":{"line":117,"column":26}},"loc":{"start":{"line":121,"column":16},"end":{"line":136,"column":1}}}},"branchMap":{"0":{"loc":{"start":{"line":20,"column":4},"end":{"line":24,"column":5}},"type":"if","locations":[{"start":{"line":20,"column":4},"end":{"line":24,"column":5}}]},"1":{"loc":{"start":{"line":29,"column":2},"end":{"line":31,"column":3}},"type":"if","locations":[{"start":{"line":29,"column":2},"end":{"line":31,"column":3}}]},"2":{"loc":{"start":{"line":29,"column":6},"end":{"line":29,"column":45}},"type":"binary-expr","locations":[{"start":{"line":29,"column":6},"end":{"line":29,"column":18}},{"start":{"line":29,"column":22},"end":{"line":29,"column":45}}]},"3":{"loc":{"start":{"line":33,"column":2},"end":{"line":35,"column":3}},"type":"if","locations":[{"start":{"line":33,"column":2},"end":{"line":35,"column":3}}]},"4":{"loc":{"start":{"line":37,"column":2},"end":{"line":43,"column":3}},"type":"if","locations":[{"start":{"line":37,"column":2},"end":{"line":43,"column":3}}]},"5":{"loc":{"start":{"line":45,"column":2},"end":{"line":53,"column":3}},"type":"if","locations":[{"start":{"line":45,"column":2},"end":{"line":53,"column":3}}]},"6":{"loc":{"start":{"line":48,"column":6},"end":{"line":50,"column":7}},"type":"if","locations":[{"start":{"line":48,"column":6},"end":{"line":50,"column":7}}]},"7":{"loc":{"start":{"line":61,"column":4},"end":{"line":63,"column":5}},"type":"if","locations":[{"start":{"line":61,"column":4},"end":{"line":63,"column":5}}]},"8":{"loc":{"start":{"line":78,"column":2},"end":{"line":80,"column":3}},"type":"if","locations":[{"start":{"line":78,"column":2},"end":{"line":80,"column":3}}]},"9":{"loc":{"start":{"line":85,"column":4},"end":{"line":87,"column":5}},"type":"if","locations":[{"start":{"line":85,"column":4},"end":{"line":87,"column":5}}]},"10":{"loc":{"start":{"line":93,"column":52},"end":{"line":93,"column":81}},"type":"default-arg","locations":[{"start":{"line":93,"column":76},"end":{"line":93,"column":81}}]},"11":{"loc":{"start":{"line":98,"column":4},"end":{"line":98,"column":53}},"type":"if","locations":[{"start":{"line":98,"column":4},"end":{"line":98,"column":53}}]},"12":{"loc":{"start":{"line":98,"column":28},"end":{"line":98,"column":52}},"type":"cond-expr","locations":[{"start":{"line":98,"column":46},"end":{"line":98,"column":48}},{"start":{"line":98,"column":51},"end":{"line":98,"column":52}}]},"13":{"loc":{"start":{"line":99,"column":4},"end":{"line":99,"column":53}},"type":"if","locations":[{"start":{"line":99,"column":4},"end":{"line":99,"column":53}}]},"14":{"loc":{"start":{"line":99,"column":28},"end":{"line":99,"column":52}},"type":"cond-expr","locations":[{"start":{"line":99,"column":46},"end":{"line":99,"column":47}},{"start":{"line":99,"column":50},"end":{"line":99,"column":52}}]},"15":{"loc":{"start":{"line":104,"column":25},"end":{"line":104,"column":43}},"type":"default-arg","locations":[{"start":{"line":104,"column":42},"end":{"line":104,"column":43}}]},"16":{"loc":{"start":{"line":119,"column":2},"end":{"line":119,"column":25}},"type":"default-arg","locations":[{"start":{"line":119,"column":24},"end":{"line":119,"column":25}}]},"17":{"loc":{"start":{"line":120,"column":2},"end":{"line":120,"column":24}},"type":"default-arg","locations":[{"start":{"line":120,"column":20},"end":{"line":120,"column":24}}]},"18":{"loc":{"start":{"line":129,"column":6},"end":{"line":131,"column":7}},"type":"if","locations":[{"start":{"line":129,"column":6},"end":{"line":131,"column":7}}]}},"s":{"0":1,"1":1,"2":2,"3":2,"4":1,"5":1,"6":1,"7":1,"8":3,"9":2,"10":2,"11":2,"12":1,"13":1,"14":1,"15":11,"16":8,"17":3,"18":0,"19":3,"20":1,"21":1,"22":3,"23":1,"24":2,"25":2,"26":2,"27":3,"28":3,"29":2,"30":0,"31":1,"32":1,"33":1,"34":3,"35":3,"36":2,"37":3,"38":3,"39":1,"40":1,"41":1,"42":1,"43":1,"44":3,"45":1,"46":1,"47":1,"48":2,"49":1,"50":1,"51":1,"52":3,"53":3,"54":1,"55":2,"56":2,"57":1,"58":1,"59":2,"60":8,"61":8,"62":8,"63":4,"64":4,"65":4,"66":0,"67":1,"68":1,"69":1,"70":1,"71":1,"72":1,"73":10,"74":1,"75":1,"76":1,"77":4,"78":4,"79":1,"80":1,"81":2,"82":2,"83":5,"84":5,"85":4,"86":4,"87":3,"88":1,"89":1},"f":{"0":1,"1":2,"2":1,"3":1,"4":3,"5":1,"6":11,"7":3,"8":1,"9":3,"10":1,"11":2,"12":3,"13":2,"14":8,"15":1,"16":4,"17":4,"18":2},"b":{"0":[2],"1":[8],"2":[11,11],"3":[0],"4":[1],"5":[2],"6":[3],"7":[2],"8":[1],"9":[1],"10":[0],"11":[4],"12":[2,2],"13":[4],"14":[2,2],"15":[0],"16":[0],"17":[0],"18":[3]}}
,"C:\\Users\\v-tianji\\Desktop\\ghcpd\\raptor-secondary\\src\\utils\\pricing.ts": {"path":"C:\\Users\\v-tianji\\Desktop\\ghcpd\\raptor-secondary\\src\\utils\\pricing.ts","statementMap":{"0":{"start":{"line":3,"column":30},"end":{"line":8,"column":1}},"1":{"start":{"line":4,"column":2},"end":{"line":7,"column":20}},"2":{"start":{"line":3,"column":13},"end":{"line":3,"column":30}},"3":{"start":{"line":10,"column":28},"end":{"line":12,"column":1}},"4":{"start":{"line":11,"column":2},"end":{"line":11,"column":47}},"5":{"start":{"line":10,"column":13},"end":{"line":10,"column":28}},"6":{"start":{"line":14,"column":33},"end":{"line":51,"column":1}},"7":{"start":{"line":15,"column":54},"end":{"line":40,"column":4}},"8":{"start":{"line":42,"column":19},"end":{"line":42,"column":52}},"9":{"start":{"line":44,"column":2},"end":{"line":44,"column":29}},"10":{"start":{"line":44,"column":17},"end":{"line":44,"column":29}},"11":{"start":{"line":46,"column":2},"end":{"line":48,"column":3}},"12":{"start":{"line":47,"column":4},"end":{"line":47,"column":16}},"13":{"start":{"line":50,"column":2},"end":{"line":50,"column":18}},"14":{"start":{"line":14,"column":13},"end":{"line":14,"column":33}},"15":{"start":{"line":53,"column":33},"end":{"line":70,"column":1}},"16":{"start":{"line":58,"column":19},"end":{"line":58,"column":20}},"17":{"start":{"line":59,"column":21},"end":{"line":59,"column":24}},"18":{"start":{"line":60,"column":23},"end":{"line":60,"column":27}},"19":{"start":{"line":61,"column":28},"end":{"line":61,"column":29}},"20":{"start":{"line":63,"column":13},"end":{"line":63,"column":73}},"21":{"start":{"line":65,"column":2},"end":{"line":67,"column":3}},"22":{"start":{"line":66,"column":4},"end":{"line":66,"column":30}},"23":{"start":{"line":69,"column":2},"end":{"line":69,"column":38}},"24":{"start":{"line":53,"column":13},"end":{"line":53,"column":33}},"25":{"start":{"line":72,"column":33},"end":{"line":81,"column":1}},"26":{"start":{"line":73,"column":2},"end":{"line":79,"column":3}},"27":{"start":{"line":74,"column":4},"end":{"line":74,"column":28}},"28":{"start":{"line":75,"column":9},"end":{"line":79,"column":3}},"29":{"start":{"line":76,"column":4},"end":{"line":76,"column":28}},"30":{"start":{"line":77,"column":9},"end":{"line":79,"column":3}},"31":{"start":{"line":78,"column":4},"end":{"line":78,"column":28}},"32":{"start":{"line":80,"column":2},"end":{"line":80,"column":19}},"33":{"start":{"line":72,"column":13},"end":{"line":72,"column":33}},"34":{"start":{"line":83,"column":43},"end":{"line":97,"column":1}},"35":{"start":{"line":88,"column":2},"end":{"line":90,"column":3}},"36":{"start":{"line":89,"column":4},"end":{"line":89,"column":30}},"37":{"start":{"line":92,"column":22},"end":{"line":92,"column":43}},"38":{"start":{"line":93,"column":18},"end":{"line":94,"column":43}},"39":{"start":{"line":96,"column":2},"end":{"line":96,"column":41}},"40":{"start":{"line":83,"column":13},"end":{"line":83,"column":43}}},"fnMap":{"0":{"name":"(anonymous_0)","decl":{"start":{"line":3,"column":30},"end":{"line":3,"column":31}},"loc":{"start":{"line":3,"column":83},"end":{"line":8,"column":1}}},"1":{"name":"(anonymous_1)","decl":{"start":{"line":10,"column":28},"end":{"line":10,"column":29}},"loc":{"start":{"line":10,"column":69},"end":{"line":12,"column":1}}},"2":{"name":"(anonymous_2)","decl":{"start":{"line":14,"column":33},"end":{"line":14,"column":34}},"loc":{"start":{"line":14,"column":89},"end":{"line":51,"column":1}}},"3":{"name":"(anonymous_3)","decl":{"start":{"line":53,"column":33},"end":{"line":53,"column":null}},"loc":{"start":{"line":57,"column":12},"end":{"line":70,"column":1}}},"4":{"name":"(anonymous_4)","decl":{"start":{"line":72,"column":33},"end":{"line":72,"column":34}},"loc":{"start":{"line":72,"column":81},"end":{"line":81,"column":1}}},"5":{"name":"(anonymous_5)","decl":{"start":{"line":83,"column":43},"end":{"line":83,"column":null}},"loc":{"start":{"line":87,"column":12},"end":{"line":97,"column":1}}}},"branchMap":{"0":{"loc":{"start":{"line":3,"column":47},"end":{"line":3,"column":71}},"type":"default-arg","locations":[{"start":{"line":3,"column":66},"end":{"line":3,"column":71}}]},"1":{"loc":{"start":{"line":44,"column":2},"end":{"line":44,"column":29}},"type":"if","locations":[{"start":{"line":44,"column":2},"end":{"line":44,"column":29}}]},"2":{"loc":{"start":{"line":46,"column":2},"end":{"line":48,"column":3}},"type":"if","locations":[{"start":{"line":46,"column":2},"end":{"line":48,"column":3}}]},"3":{"loc":{"start":{"line":46,"column":6},"end":{"line":46,"column":61}},"type":"binary-expr","locations":[{"start":{"line":46,"column":6},"end":{"line":46,"column":26}},{"start":{"line":46,"column":30},"end":{"line":46,"column":61}}]},"4":{"loc":{"start":{"line":56,"column":2},"end":{"line":56,"column":26}},"type":"default-arg","locations":[{"start":{"line":56,"column":21},"end":{"line":56,"column":26}}]},"5":{"loc":{"start":{"line":65,"column":2},"end":{"line":67,"column":3}},"type":"if","locations":[{"start":{"line":65,"column":2},"end":{"line":67,"column":3}}]},"6":{"loc":{"start":{"line":73,"column":2},"end":{"line":79,"column":3}},"type":"if","locations":[{"start":{"line":73,"column":2},"end":{"line":79,"column":3}},{"start":{"line":75,"column":9},"end":{"line":79,"column":3}}]},"7":{"loc":{"start":{"line":75,"column":9},"end":{"line":79,"column":3}},"type":"if","locations":[{"start":{"line":75,"column":9},"end":{"line":79,"column":3}},{"start":{"line":77,"column":9},"end":{"line":79,"column":3}}]},"8":{"loc":{"start":{"line":77,"column":9},"end":{"line":79,"column":3}},"type":"if","locations":[{"start":{"line":77,"column":9},"end":{"line":79,"column":3}}]},"9":{"loc":{"start":{"line":88,"column":2},"end":{"line":90,"column":3}},"type":"if","locations":[{"start":{"line":88,"column":2},"end":{"line":90,"column":3}}]},"10":{"loc":{"start":{"line":88,"column":6},"end":{"line":88,"column":38}},"type":"binary-expr","locations":[{"start":{"line":88,"column":6},"end":{"line":88,"column":18}},{"start":{"line":88,"column":22},"end":{"line":88,"column":38}}]}},"s":{"0":2,"1":102,"2":2,"3":2,"4":22,"5":2,"6":2,"7":9,"8":9,"9":9,"10":2,"11":7,"12":3,"13":4,"14":2,"15":2,"16":4,"17":4,"18":4,"19":4,"20":4,"21":4,"22":1,"23":4,"24":2,"25":2,"26":4,"27":1,"28":3,"29":1,"30":2,"31":1,"32":1,"33":2,"34":2,"35":3,"36":2,"37":1,"38":1,"39":1,"40":2},"f":{"0":102,"1":22,"2":9,"3":4,"4":4,"5":3},"b":{"0":[1],"1":[2],"2":[3],"3":[7,5],"4":[0],"5":[1],"6":[1,3],"7":[1,2],"8":[1],"9":[2],"10":[3,2]}}
,"C:\\Users\\v-tianji\\Desktop\\ghcpd\\raptor-secondary\\src\\utils\\validation.ts": {"path":"C:\\Users\\v-tianji\\Desktop\\ghcpd\\raptor-secondary\\src\\utils\\validation.ts","statementMap":{"0":{"start":{"line":1,"column":29},"end":{"line":4,"column":1}},"1":{"start":{"line":2,"column":21},"end":{"line":2,"column":49}},"2":{"start":{"line":3,"column":2},"end":{"line":3,"column":32}},"3":{"start":{"line":1,"column":13},"end":{"line":1,"column":29}},"4":{"start":{"line":6,"column":29},"end":{"line":9,"column":1}},"5":{"start":{"line":7,"column":21},"end":{"line":7,"column":43}},"6":{"start":{"line":8,"column":2},"end":{"line":8,"column":32}},"7":{"start":{"line":6,"column":13},"end":{"line":6,"column":29}},"8":{"start":{"line":11,"column":32},"end":{"line":17,"column":1}},"9":{"start":{"line":12,"column":2},"end":{"line":12,"column":40}},"10":{"start":{"line":12,"column":27},"end":{"line":12,"column":40}},"11":{"start":{"line":13,"column":2},"end":{"line":13,"column":44}},"12":{"start":{"line":13,"column":31},"end":{"line":13,"column":44}},"13":{"start":{"line":14,"column":2},"end":{"line":14,"column":44}},"14":{"start":{"line":14,"column":31},"end":{"line":14,"column":44}},"15":{"start":{"line":15,"column":2},"end":{"line":15,"column":44}},"16":{"start":{"line":15,"column":31},"end":{"line":15,"column":44}},"17":{"start":{"line":16,"column":2},"end":{"line":16,"column":14}},"18":{"start":{"line":11,"column":13},"end":{"line":11,"column":32}},"19":{"start":{"line":19,"column":27},"end":{"line":26,"column":1}},"20":{"start":{"line":20,"column":2},"end":{"line":25,"column":3}},"21":{"start":{"line":21,"column":4},"end":{"line":21,"column":17}},"22":{"start":{"line":22,"column":4},"end":{"line":22,"column":16}},"23":{"start":{"line":24,"column":4},"end":{"line":24,"column":17}},"24":{"start":{"line":19,"column":13},"end":{"line":19,"column":27}},"25":{"start":{"line":28,"column":34},"end":{"line":53,"column":1}},"26":{"start":{"line":29,"column":18},"end":{"line":29,"column":47}},"27":{"start":{"line":31,"column":2},"end":{"line":33,"column":3}},"28":{"start":{"line":32,"column":4},"end":{"line":32,"column":17}},"29":{"start":{"line":35,"column":12},"end":{"line":35,"column":13}},"30":{"start":{"line":36,"column":15},"end":{"line":36,"column":20}},"31":{"start":{"line":38,"column":2},"end":{"line":50,"column":3}},"32":{"start":{"line":38,"column":15},"end":{"line":38,"column":33}},"33":{"start":{"line":39,"column":16},"end":{"line":39,"column":40}},"34":{"start":{"line":41,"column":4},"end":{"line":46,"column":5}},"35":{"start":{"line":42,"column":6},"end":{"line":42,"column":17}},"36":{"start":{"line":43,"column":6},"end":{"line":45,"column":7}},"37":{"start":{"line":44,"column":8},"end":{"line":44,"column":19}},"38":{"start":{"line":48,"column":4},"end":{"line":48,"column":17}},"39":{"start":{"line":49,"column":4},"end":{"line":49,"column":21}},"40":{"start":{"line":52,"column":2},"end":{"line":52,"column":24}},"41":{"start":{"line":28,"column":13},"end":{"line":28,"column":34}},"42":{"start":{"line":55,"column":29},"end":{"line":59,"column":1}},"43":{"start":{"line":56,"column":2},"end":{"line":58,"column":12}},"44":{"start":{"line":55,"column":13},"end":{"line":55,"column":29}},"45":{"start":{"line":61,"column":34},"end":{"line":70,"column":1}},"46":{"start":{"line":62,"column":43},"end":{"line":66,"column":4}},"47":{"start":{"line":68,"column":18},"end":{"line":68,"column":35}},"48":{"start":{"line":69,"column":2},"end":{"line":69,"column":46}},"49":{"start":{"line":61,"column":13},"end":{"line":61,"column":34}}},"fnMap":{"0":{"name":"(anonymous_0)","decl":{"start":{"line":1,"column":29},"end":{"line":1,"column":30}},"loc":{"start":{"line":1,"column":56},"end":{"line":4,"column":1}}},"1":{"name":"(anonymous_1)","decl":{"start":{"line":6,"column":29},"end":{"line":6,"column":30}},"loc":{"start":{"line":6,"column":56},"end":{"line":9,"column":1}}},"2":{"name":"(anonymous_2)","decl":{"start":{"line":11,"column":32},"end":{"line":11,"column":33}},"loc":{"start":{"line":11,"column":62},"end":{"line":17,"column":1}}},"3":{"name":"(anonymous_3)","decl":{"start":{"line":19,"column":27},"end":{"line":19,"column":28}},"loc":{"start":{"line":19,"column":52},"end":{"line":26,"column":1}}},"4":{"name":"(anonymous_4)","decl":{"start":{"line":28,"column":34},"end":{"line":28,"column":35}},"loc":{"start":{"line":28,"column":66},"end":{"line":53,"column":1}}},"5":{"name":"(anonymous_5)","decl":{"start":{"line":55,"column":29},"end":{"line":55,"column":30}},"loc":{"start":{"line":55,"column":55},"end":{"line":59,"column":1}}},"6":{"name":"(anonymous_6)","decl":{"start":{"line":61,"column":34},"end":{"line":61,"column":35}},"loc":{"start":{"line":61,"column":84},"end":{"line":70,"column":1}}}},"branchMap":{"0":{"loc":{"start":{"line":12,"column":2},"end":{"line":12,"column":40}},"type":"if","locations":[{"start":{"line":12,"column":2},"end":{"line":12,"column":40}}]},"1":{"loc":{"start":{"line":13,"column":2},"end":{"line":13,"column":44}},"type":"if","locations":[{"start":{"line":13,"column":2},"end":{"line":13,"column":44}}]},"2":{"loc":{"start":{"line":14,"column":2},"end":{"line":14,"column":44}},"type":"if","locations":[{"start":{"line":14,"column":2},"end":{"line":14,"column":44}}]},"3":{"loc":{"start":{"line":15,"column":2},"end":{"line":15,"column":44}},"type":"if","locations":[{"start":{"line":15,"column":2},"end":{"line":15,"column":44}}]},"4":{"loc":{"start":{"line":31,"column":2},"end":{"line":33,"column":3}},"type":"if","locations":[{"start":{"line":31,"column":2},"end":{"line":33,"column":3}}]},"5":{"loc":{"start":{"line":41,"column":4},"end":{"line":46,"column":5}},"type":"if","locations":[{"start":{"line":41,"column":4},"end":{"line":46,"column":5}}]},"6":{"loc":{"start":{"line":43,"column":6},"end":{"line":45,"column":7}},"type":"if","locations":[{"start":{"line":43,"column":6},"end":{"line":45,"column":7}}]},"7":{"loc":{"start":{"line":61,"column":49},"end":{"line":61,"column":71}},"type":"default-arg","locations":[{"start":{"line":61,"column":67},"end":{"line":61,"column":71}}]},"8":{"loc":{"start":{"line":69,"column":9},"end":{"line":69,"column":45}},"type":"cond-expr","locations":[{"start":{"line":69,"column":19},"end":{"line":69,"column":37}},{"start":{"line":69,"column":40},"end":{"line":69,"column":45}}]}},"s":{"0":2,"1":13,"2":13,"3":2,"4":2,"5":7,"6":7,"7":2,"8":2,"9":6,"10":1,"11":5,"12":1,"13":4,"14":1,"15":3,"16":1,"17":2,"18":2,"19":2,"20":4,"21":4,"22":2,"23":2,"24":2,"25":2,"26":4,"27":4,"28":0,"29":4,"30":4,"31":4,"32":4,"33":64,"34":64,"35":32,"36":32,"37":13,"38":64,"39":64,"40":4,"41":2,"42":2,"43":1,"44":2,"45":2,"46":8,"47":8,"48":8,"49":2},"f":{"0":13,"1":7,"2":6,"3":4,"4":4,"5":1,"6":8},"b":{"0":[1],"1":[1],"2":[1],"3":[1],"4":[0],"5":[32],"6":[13],"7":[0],"8":[7,1]}}
}
