TN:
SF:src\components\ShoppingCart.tsx
FN:12,(anonymous_9)
FN:23,(anonymous_10)
FN:24,(anonymous_11)
FN:25,(anonymous_12)
FN:28,(anonymous_13)
FN:44,(anonymous_14)
FN:45,(anonymous_15)
FN:45,(anonymous_16)
FN:48,(anonymous_17)
FN:54,(anonymous_18)
FN:55,(anonymous_19)
FN:61,(anonymous_20)
FN:67,(anonymous_21)
FN:80,(anonymous_22)
FN:81,(anonymous_23)
FN:84,(anonymous_24)
FN:93,(anonymous_25)
FN:97,(anonymous_26)
FN:101,(anonymous_27)
FN:105,(anonymous_28)
FN:120,(anonymous_29)
FN:121,(anonymous_30)
FN:135,(anonymous_31)
FN:144,(anonymous_32)
FN:151,(anonymous_33)
FN:157,(anonymous_34)
FN:177,(anonymous_35)
FN:187,(anonymous_36)
FNF:28
FNH:7
FNDA:50,(anonymous_9)
FNDA:0,(anonymous_10)
FNDA:0,(anonymous_11)
FNDA:0,(anonymous_12)
FNDA:0,(anonymous_13)
FNDA:0,(anonymous_14)
FNDA:0,(anonymous_15)
FNDA:0,(anonymous_16)
FNDA:0,(anonymous_17)
FNDA:0,(anonymous_18)
FNDA:0,(anonymous_19)
FNDA:0,(anonymous_20)
FNDA:0,(anonymous_21)
FNDA:49,(anonymous_22)
FNDA:0,(anonymous_23)
FNDA:49,(anonymous_24)
FNDA:49,(anonymous_25)
FNDA:49,(anonymous_26)
FNDA:49,(anonymous_27)
FNDA:0,(anonymous_28)
FNDA:50,(anonymous_29)
FNDA:0,(anonymous_30)
FNDA:0,(anonymous_31)
FNDA:0,(anonymous_32)
FNDA:0,(anonymous_33)
FNDA:0,(anonymous_34)
FNDA:0,(anonymous_35)
FNDA:0,(anonymous_36)
DA:1,1
DA:3,1
DA:12,1
DA:18,50
DA:19,50
DA:20,50
DA:21,50
DA:23,50
DA:24,0
DA:25,0
DA:27,0
DA:28,0
DA:29,0
DA:35,0
DA:44,50
DA:45,0
DA:48,50
DA:49,0
DA:50,0
DA:51,0
DA:54,0
DA:55,0
DA:56,0
DA:61,50
DA:62,0
DA:63,0
DA:64,0
DA:67,50
DA:68,0
DA:70,0
DA:72,0
DA:73,0
DA:75,0
DA:76,0
DA:80,50
DA:81,49
DA:84,50
DA:85,49
DA:87,0
DA:88,0
DA:90,0
DA:93,50
DA:94,49
DA:97,50
DA:98,49
DA:101,50
DA:102,49
DA:105,50
DA:106,0
DA:107,0
DA:108,0
DA:111,0
DA:112,0
DA:113,0
DA:116,0
DA:117,0
DA:120,50
DA:121,50
DA:124,50
DA:136,0
DA:144,0
DA:151,0
DA:157,0
DA:177,0
DA:188,0
DA:189,0
LF:66
LH:26
BRDA:15,0,0,46
BRDA:16,1,0,47
BRDA:23,2,0,0
BRDA:27,3,0,0
BRDA:29,4,0,0
BRDA:29,4,1,0
BRDA:49,5,0,0
BRDA:56,6,0,0
BRDA:56,6,1,0
BRDA:68,7,0,0
BRDA:72,8,0,0
BRDA:72,8,1,0
BRDA:85,9,0,49
BRDA:87,10,0,0
BRDA:106,11,0,0
BRDA:111,12,0,0
BRDA:128,13,0,50
BRDA:128,13,1,0
BRDA:182,14,0,0
BRDA:182,14,1,0
BRDA:186,15,0,0
BRDA:186,15,1,0
BRDA:202,16,0,0
BRDA:202,16,1,0
BRDA:231,17,0,50
BRDA:231,17,1,0
BRF:26
BRH:5
end_of_record
TN:
SF:src\components\UserProfile.tsx
FN:26,(anonymous_9)
FN:41,(anonymous_10)
FN:45,(anonymous_11)
FN:51,(anonymous_12)
FN:65,(anonymous_13)
FN:67,(anonymous_14)
FN:69,(anonymous_15)
FN:76,(anonymous_16)
FN:95,(anonymous_17)
FN:96,(anonymous_18)
FN:99,(anonymous_19)
FN:103,(anonymous_20)
FN:106,(anonymous_21)
FN:110,(anonymous_22)
FN:113,(anonymous_23)
FN:135,(anonymous_24)
FN:141,(anonymous_25)
FN:154,(anonymous_26)
FN:167,(anonymous_27)
FN:224,(anonymous_28)
FN:239,(anonymous_29)
FN:254,(anonymous_30)
FN:268,(anonymous_31)
FN:275,(anonymous_32)
FN:317,(anonymous_33)
FNF:25
FNH:22
FNDA:222,(anonymous_9)
FNDA:50,(anonymous_10)
FNDA:101,(anonymous_11)
FNDA:51,(anonymous_12)
FNDA:5,(anonymous_13)
FNDA:4,(anonymous_14)
FNDA:1,(anonymous_15)
FNDA:12,(anonymous_16)
FNDA:15,(anonymous_17)
FNDA:15,(anonymous_18)
FNDA:0,(anonymous_19)
FNDA:0,(anonymous_20)
FNDA:1,(anonymous_21)
FNDA:1,(anonymous_22)
FNDA:12,(anonymous_23)
FNDA:3,(anonymous_24)
FNDA:112,(anonymous_25)
FNDA:112,(anonymous_26)
FNDA:112,(anonymous_27)
FNDA:8,(anonymous_28)
FNDA:5,(anonymous_29)
FNDA:2,(anonymous_30)
FNDA:183,(anonymous_31)
FNDA:0,(anonymous_32)
FNDA:25,(anonymous_33)
DA:1,1
DA:2,1
DA:3,1
DA:4,1
DA:26,1
DA:32,222
DA:33,222
DA:34,222
DA:35,222
DA:36,222
DA:37,222
DA:39,222
DA:41,218
DA:42,50
DA:45,218
DA:46,101
DA:47,5
DA:51,218
DA:52,51
DA:53,51
DA:54,51
DA:55,51
DA:56,46
DA:57,46
DA:59,4
DA:61,50
DA:65,218
DA:66,5
DA:67,4
DA:69,1
DA:70,1
DA:71,1
DA:76,218
DA:77,12
DA:79,12
DA:80,2
DA:83,12
DA:84,0
DA:87,12
DA:88,1
DA:91,12
DA:92,12
DA:95,218
DA:96,15
DA:99,218
DA:100,0
DA:101,0
DA:103,0
DA:106,218
DA:107,1
DA:109,1
DA:110,1
DA:113,218
DA:114,12
DA:116,12
DA:117,3
DA:120,9
DA:121,9
DA:123,9
DA:124,9
DA:125,4
DA:126,4
DA:127,4
DA:129,3
DA:131,7
DA:135,218
DA:136,3
DA:137,3
DA:138,3
DA:141,218
DA:142,112
DA:144,3
DA:146,108
DA:148,1
DA:150,0
DA:154,218
DA:155,112
DA:157,110
DA:159,1
DA:161,1
DA:163,0
DA:167,218
DA:168,112
DA:169,110
DA:170,110
DA:171,110
DA:172,110
DA:174,110
DA:175,109
DA:176,108
DA:177,107
DA:180,218
DA:181,51
DA:184,167
DA:185,4
DA:193,163
DA:194,51
DA:197,112
DA:224,8
DA:239,5
DA:254,2
DA:269,183
DA:275,0
DA:317,25
LF:104
LH:97
BRDA:29,0,0,213
BRDA:30,1,0,219
BRDA:39,2,0,222
BRDA:39,2,1,105
BRDA:46,3,0,5
BRDA:46,4,0,101
BRDA:46,4,1,51
BRDA:59,5,0,3
BRDA:59,5,1,1
BRDA:66,6,0,4
BRDA:66,6,1,1
BRDA:79,7,0,2
BRDA:79,8,0,12
BRDA:79,8,1,12
BRDA:83,9,0,0
BRDA:83,10,0,12
BRDA:83,10,1,12
BRDA:87,11,0,1
BRDA:87,12,0,12
BRDA:87,12,1,11
BRDA:100,13,0,0
BRDA:100,14,0,0
BRDA:100,14,1,0
BRDA:107,15,0,0
BRDA:109,16,0,1
BRDA:109,16,1,0
BRDA:116,17,0,3
BRDA:129,18,0,2
BRDA:129,18,1,1
BRDA:136,19,0,3
BRDA:136,19,1,0
BRDA:142,20,0,3
BRDA:142,20,1,108
BRDA:142,20,2,1
BRDA:142,20,3,0
BRDA:155,21,0,110
BRDA:155,21,1,1
BRDA:155,21,2,1
BRDA:155,21,3,0
BRDA:168,22,0,2
BRDA:174,23,0,1
BRDA:175,24,0,1
BRDA:176,25,0,1
BRDA:180,26,0,51
BRDA:180,27,0,218
BRDA:180,27,1,60
BRDA:184,28,0,4
BRDA:184,29,0,167
BRDA:184,29,1,7
BRDA:193,30,0,51
BRDA:211,31,0,112
BRDA:211,31,1,3
BRDA:223,32,0,61
BRDA:223,32,1,51
BRDA:223,33,0,61
BRDA:223,33,1,0
BRDA:225,34,0,112
BRDA:225,34,1,61
BRDA:228,35,0,112
BRDA:228,35,1,2
BRDA:238,36,0,61
BRDA:238,36,1,51
BRDA:238,37,0,61
BRDA:238,37,1,0
BRDA:240,38,0,112
BRDA:240,38,1,61
BRDA:243,39,0,112
BRDA:243,39,1,4
BRDA:253,40,0,61
BRDA:253,40,1,51
BRDA:253,41,0,61
BRDA:253,41,1,2
BRDA:255,42,0,112
BRDA:255,42,1,61
BRDA:258,43,0,112
BRDA:258,43,1,1
BRDA:263,44,0,112
BRDA:263,44,1,61
BRDA:276,45,0,183
BRDA:276,45,1,180
BRDA:302,46,0,112
BRDA:302,46,1,109
BRDA:304,47,0,61
BRDA:304,47,1,48
BRDA:308,48,0,61
BRDA:308,48,1,52
BRDA:310,49,0,9
BRDA:310,49,1,52
BRF:88
BRH:77
end_of_record
TN:
SF:src\hooks\useDebounce.ts
FN:3,(anonymous_0)
FN:6,(anonymous_1)
FN:7,(anonymous_2)
FN:11,(anonymous_3)
FNF:4
FNH:4
FNDA:75,(anonymous_0)
FNDA:55,(anonymous_1)
FNDA:20,(anonymous_2)
FNDA:55,(anonymous_3)
DA:1,1
DA:3,1
DA:4,75
DA:6,75
DA:7,55
DA:8,20
DA:11,55
DA:12,55
DA:16,75
LF:9
LH:9
BRF:0
BRH:0
end_of_record
TN:
SF:src\services\api.ts
FN:18,(anonymous_1)
FN:23,(anonymous_2)
FN:31,(anonymous_3)
FN:35,(anonymous_4)
FNF:4
FNH:4
FNDA:12,(anonymous_1)
FNDA:12,(anonymous_2)
FNDA:7,(anonymous_3)
FNDA:10,(anonymous_4)
DA:1,2
DA:3,2
DA:18,2
DA:19,12
DA:20,6
DA:23,2
DA:27,12
DA:28,9
DA:31,2
DA:32,7
DA:35,2
DA:40,10
DA:41,8
LF:13
LH:13
BRF:0
BRH:0
end_of_record
TN:
SF:src\utils\helpers.ts
FN:1,(anonymous_0)
FN:7,(anonymous_1)
FN:9,(anonymous_2)
FN:13,(anonymous_3)
FN:19,(anonymous_4)
FN:23,(anonymous_5)
FN:28,(anonymous_6)
FN:39,(anonymous_7)
FN:58,(anonymous_8)
FN:59,(anonymous_9)
FN:69,(anonymous_10)
FN:77,(anonymous_11)
FN:83,(anonymous_12)
FN:93,(anonymous_13)
FN:94,(anonymous_14)
FN:104,(anonymous_15)
FN:113,(anonymous_16)
FN:114,(anonymous_17)
FN:117,(anonymous_18)
FNF:19
FNH:19
FNDA:4,(anonymous_0)
FNDA:7,(anonymous_1)
FNDA:4,(anonymous_2)
FNDA:3,(anonymous_3)
FNDA:8,(anonymous_4)
FNDA:1,(anonymous_5)
FNDA:35,(anonymous_6)
FNDA:15,(anonymous_7)
FNDA:4,(anonymous_8)
FNDA:9,(anonymous_9)
FNDA:5,(anonymous_10)
FNDA:5,(anonymous_11)
FNDA:3,(anonymous_12)
FNDA:5,(anonymous_13)
FNDA:14,(anonymous_14)
FNDA:6,(anonymous_15)
FNDA:8,(anonymous_16)
FNDA:8,(anonymous_17)
FNDA:4,(anonymous_18)
DA:1,1
DA:7,4
DA:8,7
DA:9,7
DA:13,1
DA:19,3
DA:20,8
DA:21,4
DA:22,4
DA:23,4
DA:28,1
DA:29,35
DA:30,21
DA:33,14
DA:34,1
DA:37,13
DA:38,7
DA:39,7
DA:40,15
DA:42,7
DA:45,6
DA:46,6
DA:47,6
DA:48,8
DA:49,8
DA:52,6
DA:55,0
DA:58,1
DA:59,4
DA:60,9
DA:61,9
DA:62,5
DA:64,9
DA:65,9
DA:69,1
DA:70,5
DA:71,5
DA:72,9
DA:74,5
DA:77,1
DA:78,5
DA:79,4
DA:82,1
DA:83,1
DA:84,3
DA:85,3
DA:86,1
DA:88,2
DA:89,2
DA:93,1
DA:94,5
DA:95,14
DA:96,14
DA:98,14
DA:99,6
DA:100,0
DA:104,1
DA:105,6
DA:106,6
DA:107,6
DA:108,135
DA:110,6
DA:113,1
DA:114,8
DA:117,1
DA:124,4
DA:125,10
DA:126,10
DA:128,8
DA:129,8
DA:130,6
DA:135,2
LF:72
LH:70
BRDA:20,0,0,4
BRDA:29,1,0,21
BRDA:29,2,0,35
BRDA:29,2,1,34
BRDA:33,3,0,1
BRDA:37,4,0,7
BRDA:45,5,0,6
BRDA:48,6,0,8
BRDA:61,7,0,5
BRDA:78,8,0,4
BRDA:85,9,0,1
BRDA:93,10,0,2
BRDA:98,11,0,8
BRDA:98,12,0,6
BRDA:98,12,1,2
BRDA:99,13,0,6
BRDA:99,14,0,4
BRDA:99,14,1,2
BRDA:104,15,0,3
BRDA:119,16,0,1
BRDA:120,17,0,1
BRDA:129,18,0,6
BRF:22
BRH:22
end_of_record
TN:
SF:src\utils\pricing.ts
FN:3,(anonymous_0)
FN:10,(anonymous_1)
FN:14,(anonymous_2)
FN:53,(anonymous_3)
FN:72,(anonymous_4)
FN:83,(anonymous_5)
FNF:6
FNH:6
FNDA:9,(anonymous_0)
FNDA:7,(anonymous_1)
FNDA:11,(anonymous_2)
FNDA:8,(anonymous_3)
FNDA:11,(anonymous_4)
FNDA:7,(anonymous_5)
DA:3,1
DA:4,9
DA:10,1
DA:11,7
DA:14,1
DA:15,11
DA:42,11
DA:44,11
DA:46,9
DA:47,3
DA:50,6
DA:53,1
DA:58,8
DA:59,8
DA:60,8
DA:61,8
DA:63,8
DA:65,8
DA:66,1
DA:69,8
DA:72,1
DA:73,11
DA:74,4
DA:75,7
DA:76,2
DA:77,5
DA:78,2
DA:80,3
DA:83,1
DA:88,7
DA:89,1
DA:92,6
DA:93,6
DA:96,6
LF:34
LH:34
BRDA:3,0,0,1
BRDA:44,1,0,2
BRDA:46,2,0,3
BRDA:46,3,0,9
BRDA:46,3,1,7
BRDA:56,4,0,0
BRDA:65,5,0,1
BRDA:73,6,0,4
BRDA:73,6,1,7
BRDA:75,7,0,2
BRDA:75,7,1,5
BRDA:77,8,0,2
BRDA:88,9,0,1
BRDA:88,10,0,7
BRDA:88,10,1,7
BRF:15
BRH:14
end_of_record
TN:
SF:src\utils\validation.ts
FN:1,(anonymous_0)
FN:6,(anonymous_1)
FN:11,(anonymous_2)
FN:19,(anonymous_3)
FN:28,(anonymous_4)
FN:55,(anonymous_5)
FN:61,(anonymous_6)
FNF:7
FNH:7
FNDA:12,(anonymous_0)
FNDA:9,(anonymous_1)
FNDA:9,(anonymous_2)
FNDA:10,(anonymous_3)
FNDA:9,(anonymous_4)
FNDA:8,(anonymous_5)
FNDA:18,(anonymous_6)
DA:1,2
DA:2,12
DA:3,12
DA:6,2
DA:7,9
DA:8,9
DA:11,2
DA:12,9
DA:13,7
DA:14,6
DA:15,5
DA:16,4
DA:19,2
DA:20,10
DA:21,10
DA:22,7
DA:24,3
DA:28,2
DA:29,9
DA:31,9
DA:32,4
DA:35,5
DA:36,5
DA:38,5
DA:39,77
DA:41,77
DA:42,38
DA:43,38
DA:44,13
DA:48,77
DA:49,77
DA:52,5
DA:55,2
DA:56,8
DA:61,2
DA:62,18
DA:68,18
DA:69,18
LF:38
LH:38
BRDA:12,0,0,2
BRDA:13,1,0,1
BRDA:14,2,0,1
BRDA:15,3,0,1
BRDA:31,4,0,4
BRDA:41,5,0,38
BRDA:43,6,0,13
BRDA:61,7,0,1
BRDA:69,8,0,17
BRDA:69,8,1,1
BRF:10
BRH:10
end_of_record
