TN:
SF:src\components\ShoppingCart.tsx
FN:23,(anonymous_9)
FN:36,(anonymous_10)
FN:37,(anonymous_11)
FN:38,(anonymous_12)
FN:41,(anonymous_13)
FN:57,(anonymous_14)
FN:58,(anonymous_15)
FN:58,(anonymous_16)
FN:61,(anonymous_17)
FN:67,(anonymous_18)
FN:68,(anonymous_19)
FN:74,(anonymous_20)
FN:80,(anonymous_21)
FN:94,(anonymous_22)
FN:95,(anonymous_23)
FN:98,(anonymous_24)
FN:107,(anonymous_25)
FN:111,(anonymous_26)
FN:115,(anonymous_27)
FN:119,(anonymous_28)
FN:135,(anonymous_29)
FN:148,(anonymous_30)
FN:149,(anonymous_31)
FN:163,(anonymous_32)
FN:172,(anonymous_33)
FN:179,(anonymous_34)
FN:185,(anonymous_35)
FN:205,(anonymous_36)
FN:215,(anonymous_37)
FNF:29
FNH:25
FNDA:27,(anonymous_9)
FNDA:6,(anonymous_10)
FNDA:6,(anonymous_11)
FNDA:0,(anonymous_12)
FNDA:0,(anonymous_13)
FNDA:1,(anonymous_14)
FNDA:1,(anonymous_15)
FNDA:1,(anonymous_16)
FNDA:3,(anonymous_17)
FNDA:2,(anonymous_18)
FNDA:2,(anonymous_19)
FNDA:0,(anonymous_20)
FNDA:4,(anonymous_21)
FNDA:17,(anonymous_22)
FNDA:9,(anonymous_23)
FNDA:19,(anonymous_24)
FNDA:19,(anonymous_25)
FNDA:19,(anonymous_26)
FNDA:19,(anonymous_27)
FNDA:3,(anonymous_28)
FNDA:24,(anonymous_29)
FNDA:27,(anonymous_30)
FNDA:19,(anonymous_31)
FNDA:19,(anonymous_32)
FNDA:2,(anonymous_33)
FNDA:1,(anonymous_34)
FNDA:0,(anonymous_35)
FNDA:4,(anonymous_36)
FNDA:1,(anonymous_37)
DA:1,1
DA:3,1
DA:23,1
DA:31,27
DA:32,27
DA:33,27
DA:34,27
DA:36,27
DA:37,6
DA:38,6
DA:40,6
DA:41,0
DA:42,0
DA:48,6
DA:57,27
DA:58,1
DA:61,27
DA:62,3
DA:63,1
DA:64,1
DA:67,2
DA:68,2
DA:69,2
DA:74,27
DA:75,0
DA:76,0
DA:77,0
DA:80,27
DA:81,4
DA:83,4
DA:85,4
DA:86,2
DA:88,2
DA:89,2
DA:94,27
DA:95,17
DA:98,27
DA:99,19
DA:101,2
DA:102,2
DA:104,0
DA:107,27
DA:108,19
DA:111,27
DA:112,19
DA:115,27
DA:116,19
DA:119,27
DA:120,3
DA:121,1
DA:122,1
DA:125,2
DA:126,1
DA:127,1
DA:130,1
DA:131,1
DA:135,27
DA:136,24
DA:137,21
DA:148,27
DA:149,27
DA:152,27
DA:164,19
DA:172,2
DA:179,1
DA:185,0
DA:205,4
DA:216,1
DA:217,1
LF:69
LH:62
BRDA:26,0,0,27
BRDA:27,1,0,27
BRDA:28,2,0,25
BRDA:36,3,0,0
BRDA:40,4,0,0
BRDA:42,5,0,0
BRDA:42,5,1,0
BRDA:62,6,0,1
BRDA:69,7,0,2
BRDA:69,7,1,0
BRDA:81,8,0,0
BRDA:85,9,0,2
BRDA:85,9,1,2
BRDA:99,10,0,17
BRDA:101,11,0,2
BRDA:120,12,0,1
BRDA:125,13,0,1
BRDA:136,14,0,21
BRDA:156,15,0,8
BRDA:156,15,1,19
BRDA:210,16,0,19
BRDA:210,16,1,17
BRDA:214,17,0,19
BRDA:214,17,1,2
BRDA:230,18,0,19
BRDA:230,18,1,2
BRDA:259,19,0,27
BRDA:259,19,1,1
BRF:28
BRH:22
end_of_record
TN:
SF:src\components\UserProfile.tsx
FN:26,(anonymous_0)
FN:41,(anonymous_1)
FN:45,(anonymous_2)
FN:51,(anonymous_3)
FN:65,(anonymous_4)
FN:67,(anonymous_5)
FN:69,(anonymous_6)
FN:76,(anonymous_7)
FN:95,(anonymous_8)
FN:96,(anonymous_9)
FN:99,(anonymous_10)
FN:103,(anonymous_11)
FN:106,(anonymous_12)
FN:110,(anonymous_13)
FN:113,(anonymous_14)
FN:135,(anonymous_15)
FN:141,(anonymous_16)
FN:154,(anonymous_17)
FN:167,(anonymous_18)
FN:224,(anonymous_19)
FN:239,(anonymous_20)
FN:254,(anonymous_21)
FN:268,(anonymous_22)
FN:275,(anonymous_23)
FN:317,(anonymous_24)
FNF:25
FNH:25
FNDA:68,(anonymous_0)
FNDA:13,(anonymous_1)
FNDA:16,(anonymous_2)
FNDA:14,(anonymous_3)
FNDA:3,(anonymous_4)
FNDA:2,(anonymous_5)
FNDA:1,(anonymous_6)
FNDA:2,(anonymous_7)
FNDA:7,(anonymous_8)
FNDA:7,(anonymous_9)
FNDA:1,(anonymous_10)
FNDA:1,(anonymous_11)
FNDA:1,(anonymous_12)
FNDA:1,(anonymous_13)
FNDA:2,(anonymous_14)
FNDA:1,(anonymous_15)
FNDA:40,(anonymous_16)
FNDA:40,(anonymous_17)
FNDA:40,(anonymous_18)
FNDA:3,(anonymous_19)
FNDA:3,(anonymous_20)
FNDA:1,(anonymous_21)
FNDA:78,(anonymous_22)
FNDA:1,(anonymous_23)
FNDA:8,(anonymous_24)
DA:1,1
DA:2,1
DA:3,1
DA:4,1
DA:26,1
DA:32,68
DA:33,68
DA:34,68
DA:35,68
DA:36,68
DA:37,68
DA:39,68
DA:41,68
DA:42,13
DA:45,68
DA:46,16
DA:47,3
DA:51,68
DA:52,14
DA:53,14
DA:54,14
DA:55,14
DA:56,12
DA:57,12
DA:59,1
DA:61,13
DA:65,68
DA:66,3
DA:67,2
DA:69,1
DA:70,1
DA:71,1
DA:76,68
DA:77,2
DA:79,2
DA:80,0
DA:83,2
DA:84,0
DA:87,2
DA:88,0
DA:91,2
DA:92,2
DA:95,68
DA:96,7
DA:99,68
DA:100,1
DA:101,0
DA:103,1
DA:106,68
DA:107,1
DA:109,1
DA:110,1
DA:113,68
DA:114,2
DA:116,2
DA:117,0
DA:120,2
DA:121,2
DA:123,2
DA:124,2
DA:125,1
DA:126,1
DA:127,1
DA:129,1
DA:131,2
DA:135,68
DA:136,1
DA:137,1
DA:138,1
DA:141,68
DA:142,40
DA:144,2
DA:146,38
DA:148,0
DA:150,0
DA:154,68
DA:155,40
DA:157,36
DA:159,4
DA:161,0
DA:163,0
DA:167,68
DA:168,40
DA:169,40
DA:170,40
DA:171,40
DA:172,40
DA:174,40
DA:175,39
DA:176,38
DA:177,38
DA:180,68
DA:181,14
DA:184,54
DA:185,1
DA:193,53
DA:194,13
DA:197,40
DA:224,3
DA:239,3
DA:254,1
DA:269,78
DA:275,1
DA:317,8
LF:104
LH:95
BRDA:29,0,0,65
BRDA:30,1,0,68
BRDA:39,2,0,68
BRDA:39,2,1,28
BRDA:46,3,0,3
BRDA:46,4,0,16
BRDA:46,4,1,3
BRDA:59,5,0,1
BRDA:59,5,1,0
BRDA:66,6,0,2
BRDA:66,6,1,1
BRDA:79,7,0,0
BRDA:79,8,0,2
BRDA:79,8,1,2
BRDA:83,9,0,0
BRDA:83,10,0,2
BRDA:83,10,1,2
BRDA:87,11,0,0
BRDA:87,12,0,2
BRDA:87,12,1,2
BRDA:100,13,0,0
BRDA:100,14,0,1
BRDA:100,14,1,1
BRDA:107,15,0,0
BRDA:109,16,0,0
BRDA:109,16,1,1
BRDA:116,17,0,0
BRDA:129,18,0,1
BRDA:129,18,1,0
BRDA:136,19,0,1
BRDA:136,19,1,0
BRDA:142,20,0,2
BRDA:142,20,1,38
BRDA:142,20,2,0
BRDA:142,20,3,0
BRDA:155,21,0,36
BRDA:155,21,1,4
BRDA:155,21,2,0
BRDA:155,21,3,0
BRDA:168,22,0,0
BRDA:174,23,0,1
BRDA:175,24,0,1
BRDA:176,25,0,0
BRDA:180,26,0,14
BRDA:180,27,0,68
BRDA:180,27,1,16
BRDA:184,28,0,1
BRDA:184,29,0,54
BRDA:184,29,1,2
BRDA:193,30,0,13
BRDA:211,31,0,40
BRDA:211,31,1,1
BRDA:223,32,0,26
BRDA:223,32,1,14
BRDA:223,33,0,26
BRDA:223,33,1,0
BRDA:225,34,0,40
BRDA:225,34,1,26
BRDA:228,35,0,40
BRDA:228,35,1,0
BRDA:238,36,0,26
BRDA:238,36,1,14
BRDA:238,37,0,26
BRDA:238,37,1,0
BRDA:240,38,0,40
BRDA:240,38,1,26
BRDA:243,39,0,40
BRDA:243,39,1,4
BRDA:253,40,0,26
BRDA:253,40,1,14
BRDA:253,41,0,26
BRDA:253,41,1,0
BRDA:255,42,0,40
BRDA:255,42,1,26
BRDA:258,43,0,40
BRDA:258,43,1,0
BRDA:263,44,0,40
BRDA:263,44,1,26
BRDA:276,45,0,78
BRDA:276,45,1,75
BRDA:302,46,0,40
BRDA:302,46,1,39
BRDA:304,47,0,26
BRDA:304,47,1,13
BRDA:308,48,0,26
BRDA:308,48,1,24
BRDA:310,49,0,2
BRDA:310,49,1,24
BRF:88
BRH:67
end_of_record
TN:
SF:src\hooks\useDebounce.ts
FN:3,(anonymous_0)
FN:6,(anonymous_1)
FN:7,(anonymous_2)
FN:11,(anonymous_3)
FNF:4
FNH:4
FNDA:72,(anonymous_0)
FNDA:31,(anonymous_1)
FNDA:4,(anonymous_2)
FNDA:31,(anonymous_3)
DA:1,2
DA:3,2
DA:4,72
DA:6,72
DA:7,31
DA:8,4
DA:11,31
DA:12,31
DA:16,72
LF:9
LH:9
BRF:0
BRH:0
end_of_record
TN:
SF:src\services\api.ts
FN:18,(anonymous_1)
FN:23,(anonymous_2)
FN:31,(anonymous_3)
FN:35,(anonymous_4)
FNF:4
FNH:4
FNDA:1,(anonymous_1)
FNDA:1,(anonymous_2)
FNDA:1,(anonymous_3)
FNDA:2,(anonymous_4)
DA:1,2
DA:3,2
DA:18,2
DA:19,1
DA:20,1
DA:23,2
DA:27,1
DA:28,1
DA:31,2
DA:32,1
DA:35,2
DA:40,2
DA:41,2
LF:13
LH:13
BRF:0
BRH:0
end_of_record
TN:
SF:src\utils\helpers.ts
FN:1,(anonymous_0)
FN:7,(anonymous_1)
FN:9,(anonymous_2)
FN:13,(anonymous_3)
FN:19,(anonymous_4)
FN:23,(anonymous_5)
FN:28,(anonymous_6)
FN:39,(anonymous_7)
FN:58,(anonymous_8)
FN:59,(anonymous_9)
FN:69,(anonymous_10)
FN:77,(anonymous_11)
FN:83,(anonymous_12)
FN:93,(anonymous_13)
FN:94,(anonymous_14)
FN:104,(anonymous_15)
FN:113,(anonymous_16)
FN:114,(anonymous_17)
FN:117,(anonymous_18)
FNF:19
FNH:19
FNDA:1,(anonymous_0)
FNDA:2,(anonymous_1)
FNDA:1,(anonymous_2)
FNDA:1,(anonymous_3)
FNDA:3,(anonymous_4)
FNDA:1,(anonymous_5)
FNDA:11,(anonymous_6)
FNDA:3,(anonymous_7)
FNDA:1,(anonymous_8)
FNDA:3,(anonymous_9)
FNDA:1,(anonymous_10)
FNDA:2,(anonymous_11)
FNDA:3,(anonymous_12)
FNDA:2,(anonymous_13)
FNDA:8,(anonymous_14)
FNDA:1,(anonymous_15)
FNDA:4,(anonymous_16)
FNDA:4,(anonymous_17)
FNDA:2,(anonymous_18)
DA:1,1
DA:7,1
DA:8,2
DA:9,2
DA:13,1
DA:19,1
DA:20,3
DA:21,2
DA:22,2
DA:23,2
DA:28,1
DA:29,11
DA:30,8
DA:33,3
DA:34,0
DA:37,3
DA:38,1
DA:39,1
DA:40,3
DA:42,1
DA:45,2
DA:46,2
DA:47,2
DA:48,3
DA:49,3
DA:52,2
DA:55,0
DA:58,1
DA:59,1
DA:60,3
DA:61,3
DA:62,2
DA:64,3
DA:65,3
DA:69,1
DA:70,1
DA:71,1
DA:72,3
DA:74,1
DA:77,1
DA:78,2
DA:79,1
DA:82,1
DA:83,1
DA:84,3
DA:85,3
DA:86,1
DA:88,2
DA:89,2
DA:93,1
DA:94,2
DA:95,8
DA:96,8
DA:98,8
DA:99,4
DA:100,0
DA:104,1
DA:105,1
DA:106,1
DA:107,1
DA:108,10
DA:110,1
DA:113,1
DA:114,4
DA:117,1
DA:124,2
DA:125,5
DA:126,5
DA:128,4
DA:129,4
DA:130,3
DA:135,1
LF:72
LH:69
BRDA:20,0,0,2
BRDA:29,1,0,8
BRDA:29,2,0,11
BRDA:29,2,1,11
BRDA:33,3,0,0
BRDA:37,4,0,1
BRDA:45,5,0,2
BRDA:48,6,0,3
BRDA:61,7,0,2
BRDA:78,8,0,1
BRDA:85,9,0,1
BRDA:93,10,0,0
BRDA:98,11,0,4
BRDA:98,12,0,2
BRDA:98,12,1,2
BRDA:99,13,0,4
BRDA:99,14,0,2
BRDA:99,14,1,2
BRDA:104,15,0,0
BRDA:119,16,0,0
BRDA:120,17,0,0
BRDA:129,18,0,3
BRF:22
BRH:17
end_of_record
TN:
SF:src\utils\pricing.ts
FN:3,(anonymous_0)
FN:10,(anonymous_1)
FN:14,(anonymous_2)
FN:53,(anonymous_3)
FN:72,(anonymous_4)
FN:83,(anonymous_5)
FNF:6
FNH:6
FNDA:102,(anonymous_0)
FNDA:22,(anonymous_1)
FNDA:9,(anonymous_2)
FNDA:4,(anonymous_3)
FNDA:4,(anonymous_4)
FNDA:3,(anonymous_5)
DA:3,2
DA:4,102
DA:10,2
DA:11,22
DA:14,2
DA:15,9
DA:42,9
DA:44,9
DA:46,7
DA:47,3
DA:50,4
DA:53,2
DA:58,4
DA:59,4
DA:60,4
DA:61,4
DA:63,4
DA:65,4
DA:66,1
DA:69,4
DA:72,2
DA:73,4
DA:74,1
DA:75,3
DA:76,1
DA:77,2
DA:78,1
DA:80,1
DA:83,2
DA:88,3
DA:89,2
DA:92,1
DA:93,1
DA:96,1
LF:34
LH:34
BRDA:3,0,0,1
BRDA:44,1,0,2
BRDA:46,2,0,3
BRDA:46,3,0,7
BRDA:46,3,1,5
BRDA:56,4,0,0
BRDA:65,5,0,1
BRDA:73,6,0,1
BRDA:73,6,1,3
BRDA:75,7,0,1
BRDA:75,7,1,2
BRDA:77,8,0,1
BRDA:88,9,0,2
BRDA:88,10,0,3
BRDA:88,10,1,2
BRF:15
BRH:14
end_of_record
TN:
SF:src\utils\validation.ts
FN:1,(anonymous_0)
FN:6,(anonymous_1)
FN:11,(anonymous_2)
FN:19,(anonymous_3)
FN:28,(anonymous_4)
FN:55,(anonymous_5)
FN:61,(anonymous_6)
FNF:7
FNH:7
FNDA:13,(anonymous_0)
FNDA:7,(anonymous_1)
FNDA:6,(anonymous_2)
FNDA:4,(anonymous_3)
FNDA:4,(anonymous_4)
FNDA:1,(anonymous_5)
FNDA:8,(anonymous_6)
DA:1,2
DA:2,13
DA:3,13
DA:6,2
DA:7,7
DA:8,7
DA:11,2
DA:12,6
DA:13,5
DA:14,4
DA:15,3
DA:16,2
DA:19,2
DA:20,4
DA:21,4
DA:22,2
DA:24,2
DA:28,2
DA:29,4
DA:31,4
DA:32,0
DA:35,4
DA:36,4
DA:38,4
DA:39,64
DA:41,64
DA:42,32
DA:43,32
DA:44,13
DA:48,64
DA:49,64
DA:52,4
DA:55,2
DA:56,1
DA:61,2
DA:62,8
DA:68,8
DA:69,8
LF:38
LH:37
BRDA:12,0,0,1
BRDA:13,1,0,1
BRDA:14,2,0,1
BRDA:15,3,0,1
BRDA:31,4,0,0
BRDA:41,5,0,32
BRDA:43,6,0,13
BRDA:61,7,0,0
BRDA:69,8,0,7
BRDA:69,8,1,1
BRF:10
BRH:8
end_of_record
